Using pre-set license
Built from '2020.3/staging' branch; Version is '2020.3.6f1 (338bb68529b2) revision 3378102'; Using compiler version '192528614'; Build Type 'Release'
OS: 'Windows 10 Pro; OS build 19042.1237; Version 2009; 64bit' Language: 'es' Physical Memory: 7878 MB
BatchMode: 1, IsHumanControllingUs: 0, StartBugReporterOnCrash: 0, Is64bit: 1, IsPro: 0

 COMMAND LINE ARGUMENTS:
C:\Program Files\Unity\Hub\Editor\2020.3.6f1\Editor\Unity.exe
-adb2
-batchMode
-noUpm
-name
AssetImportWorker1
-projectPath
C:/Users/Tomas/Desktop/Repository/UNITY-UI-DEMO/UNITY-UI-DEMO
-logFile
Logs/AssetImportWorker1.log
-srvPort
54448
Successfully changed project path to: C:/Users/Tomas/Desktop/Repository/UNITY-UI-DEMO/UNITY-UI-DEMO
C:/Users/Tomas/Desktop/Repository/UNITY-UI-DEMO/UNITY-UI-DEMO
Using Asset Import Pipeline V2.
Refreshing native plugins compatible for Editor in 414.04 ms, found 3 plugins.
Preloading 0 native plugins for Editor in 0.00 ms.
Initialize engine version: 2020.3.6f1 (338bb68529b2)
[Subsystems] Discovering subsystems at path C:/Program Files/Unity/Hub/Editor/2020.3.6f1/Editor/Data/Resources/UnitySubsystems
[Subsystems] Discovering subsystems at path C:/Users/Tomas/Desktop/Repository/UNITY-UI-DEMO/UNITY-UI-DEMO/Assets
GfxDevice: creating device client; threaded=0
Direct3D:
    Version:  Direct3D 11.0 [level 11.1]
    Renderer: Intel(R) HD Graphics Family (ID=0xa16)
    Vendor:   
    VRAM:     2048 MB
    Driver:   20.19.15.4531
Initialize mono
Mono path[0] = 'C:/Program Files/Unity/Hub/Editor/2020.3.6f1/Editor/Data/Managed'
Mono path[1] = 'C:/Program Files/Unity/Hub/Editor/2020.3.6f1/Editor/Data/MonoBleedingEdge/lib/mono/unityjit'
Mono config path = 'C:/Program Files/Unity/Hub/Editor/2020.3.6f1/Editor/Data/MonoBleedingEdge/etc'
Using monoOptions --debugger-agent=transport=dt_socket,embedding=1,server=y,suspend=n,address=127.0.0.1:56680
Begin MonoManager ReloadAssembly
Registering precompiled unity dll's ...
Register platform support module: C:/Program Files/Unity/Hub/Editor/2020.3.6f1/Editor/Data/PlaybackEngines/WindowsStandaloneSupport/UnityEditor.WindowsStandalone.Extensions.dll
Registered in 0.002647 seconds.
Native extension for WindowsStandalone target not found
Refreshing native plugins compatible for Editor in 78.74 ms, found 3 plugins.
Preloading 0 native plugins for Editor in 0.00 ms.
Mono: successfully reloaded assembly
- Completed reload, in  3.085 seconds
Platform modules already initialized, skipping
Registering precompiled user dll's ...
Registered in 0.013879 seconds.
Begin MonoManager ReloadAssembly
Native extension for WindowsStandalone target not found
Refreshing native plugins compatible for Editor in 83.68 ms, found 3 plugins.
Preloading 0 native plugins for Editor in 0.00 ms.
Mono: successfully reloaded assembly
- Completed reload, in  2.410 seconds
Platform modules already initialized, skipping
========================================================================
Worker process is ready to serve import requests
Launched and connected shader compiler UnityShaderCompiler.exe after 0.08 seconds
Refreshing native plugins compatible for Editor in 2.30 ms, found 3 plugins.
Preloading 0 native plugins for Editor in 0.00 ms.
Unloading 2767 Unused Serialized files (Serialized files now loaded: 0)
System memory in use before: 114.3 MB.
System memory in use after: 114.5 MB.

Unloading 51 unused Assets to reduce memory usage. Loaded Objects now: 3198.
Total: 4.226100 ms (FindLiveObjects: 0.479200 ms CreateObjectMapping: 0.355800 ms MarkObjects: 3.270100 ms  DeleteObjects: 0.119100 ms)

========================================================================
Received Import Request.
  path: Assets/SCRIPTS/MODEL/Cache.cs
  artifactKey: Guid(ad8757e4d6ff1044f8c5c2671ac0a21e) Importer(815301076,1909f56bfc062723c751e8b465ee728b)
Start importing Assets/SCRIPTS/MODEL/Cache.cs using Guid(ad8757e4d6ff1044f8c5c2671ac0a21e) Importer(815301076,1909f56bfc062723c751e8b465ee728b)  -> (artifact id: '217e338a03fd713a8d7f456c0d393b14') in 0.101611 seconds
  Import took 0.113032 seconds .

========================================================================
Received Import Request.
  Time since last request: 61.049254 seconds.
  path: Assets/SCRIPTS/MODEL/Cache.cs
  artifactKey: Guid(ad8757e4d6ff1044f8c5c2671ac0a21e) Importer(815301076,1909f56bfc062723c751e8b465ee728b)
Start importing Assets/SCRIPTS/MODEL/Cache.cs using Guid(ad8757e4d6ff1044f8c5c2671ac0a21e) Importer(815301076,1909f56bfc062723c751e8b465ee728b)  -> (artifact id: 'baca2072031c0e41722d93933b281af1') in 0.017310 seconds
  Import took 0.032669 seconds .

========================================================================
Received Import Request.
  Time since last request: 0.493428 seconds.
  path: Assets/SCRIPTS/MODEL/Cache.cs
  artifactKey: Guid(ad8757e4d6ff1044f8c5c2671ac0a21e) Importer(815301076,1909f56bfc062723c751e8b465ee728b)
Start importing Assets/SCRIPTS/MODEL/Cache.cs using Guid(ad8757e4d6ff1044f8c5c2671ac0a21e) Importer(815301076,1909f56bfc062723c751e8b465ee728b)  -> (artifact id: 'baca2072031c0e41722d93933b281af1') in 0.043795 seconds
  Import took 0.088625 seconds .

========================================================================
Received Prepare
Registering precompiled user dll's ...
Registered in 0.017086 seconds.
Begin MonoManager ReloadAssembly
Native extension for WindowsStandalone target not found
Refreshing native plugins compatible for Editor in 0.87 ms, found 3 plugins.
Preloading 0 native plugins for Editor in 0.00 ms.
Mono: successfully reloaded assembly
- Completed reload, in  2.084 seconds
Platform modules already initialized, skipping
Refreshing native plugins compatible for Editor in 1.48 ms, found 3 plugins.
Preloading 0 native plugins for Editor in 0.00 ms.
Unloading 2729 Unused Serialized files (Serialized files now loaded: 0)
System memory in use before: 113.3 MB.
System memory in use after: 113.5 MB.

Unloading 35 unused Assets to reduce memory usage. Loaded Objects now: 3201.
Total: 7.358300 ms (FindLiveObjects: 0.690000 ms CreateObjectMapping: 0.457000 ms MarkObjects: 6.154400 ms  DeleteObjects: 0.054500 ms)

========================================================================
Received Import Request.
  Time since last request: 20.115727 seconds.
  path: Assets/SCRIPTS/MODEL/PruebaSingleton.cs
  artifactKey: Guid(dc15df793ccb3394091fe3a197d31bee) Importer(815301076,1909f56bfc062723c751e8b465ee728b)
Start importing Assets/SCRIPTS/MODEL/PruebaSingleton.cs using Guid(dc15df793ccb3394091fe3a197d31bee) Importer(815301076,1909f56bfc062723c751e8b465ee728b)  -> (artifact id: '18d034844399b4abdc46111fcbb61c35') in 0.059750 seconds
  Import took 0.109719 seconds .

========================================================================
Received Prepare
Registering precompiled user dll's ...
Registered in 0.017150 seconds.
Begin MonoManager ReloadAssembly
Native extension for WindowsStandalone target not found
Refreshing native plugins compatible for Editor in 1.03 ms, found 3 plugins.
Preloading 0 native plugins for Editor in 0.00 ms.
Mono: successfully reloaded assembly
- Completed reload, in  2.369 seconds
Platform modules already initialized, skipping
Refreshing native plugins compatible for Editor in 3.14 ms, found 3 plugins.
Preloading 0 native plugins for Editor in 0.00 ms.
Unloading 2730 Unused Serialized files (Serialized files now loaded: 0)
System memory in use before: 113.4 MB.
System memory in use after: 113.6 MB.

Unloading 35 unused Assets to reduce memory usage. Loaded Objects now: 3205.
Total: 5.264600 ms (FindLiveObjects: 0.459300 ms CreateObjectMapping: 0.185300 ms MarkObjects: 4.541000 ms  DeleteObjects: 0.076300 ms)

========================================================================
Received Prepare
Registering precompiled user dll's ...
Registered in 0.015241 seconds.
Begin MonoManager ReloadAssembly
Native extension for WindowsStandalone target not found
Refreshing native plugins compatible for Editor in 2.08 ms, found 3 plugins.
Preloading 0 native plugins for Editor in 0.00 ms.
Mono: successfully reloaded assembly
- Completed reload, in  2.213 seconds
Platform modules already initialized, skipping
Refreshing native plugins compatible for Editor in 2.22 ms, found 3 plugins.
Preloading 0 native plugins for Editor in 0.00 ms.
Unloading 2730 Unused Serialized files (Serialized files now loaded: 0)
System memory in use before: 113.4 MB.
System memory in use after: 113.6 MB.

Unloading 35 unused Assets to reduce memory usage. Loaded Objects now: 3208.
Total: 3.204500 ms (FindLiveObjects: 0.360600 ms CreateObjectMapping: 0.164600 ms MarkObjects: 2.642300 ms  DeleteObjects: 0.034800 ms)

========================================================================
Received Import Request.
  Time since last request: 113.342607 seconds.
  path: Assets/SCRIPTS/MODEL/PruebaSingleton.cs
  artifactKey: Guid(dc15df793ccb3394091fe3a197d31bee) Importer(815301076,1909f56bfc062723c751e8b465ee728b)
Start importing Assets/SCRIPTS/MODEL/PruebaSingleton.cs using Guid(dc15df793ccb3394091fe3a197d31bee) Importer(815301076,1909f56bfc062723c751e8b465ee728b)  -> (artifact id: '87d152a9404ae17ced638ad3e6ffe823') in 0.016555 seconds
  Import took 0.025216 seconds .

========================================================================
Received Import Request.
  Time since last request: 0.000288 seconds.
  path: Assets/SCRIPTS/MODEL/GameController.cs
  artifactKey: Guid(49ff0a780583eae438c1c4794bfbf2ab) Importer(815301076,1909f56bfc062723c751e8b465ee728b)
Start importing Assets/SCRIPTS/MODEL/GameController.cs using Guid(49ff0a780583eae438c1c4794bfbf2ab) Importer(815301076,1909f56bfc062723c751e8b465ee728b)  -> (artifact id: '9e926f9c26029f38f1a3c7e42fdfaf92') in 0.013729 seconds
  Import took 0.020915 seconds .

AssetImportWorkerClient::OnTransportError - code=2 error=End of file
