Using pre-set license
Built from '2020.3/staging' branch; Version is '2020.3.6f1 (338bb68529b2) revision 3378102'; Using compiler version '192528614'; Build Type 'Release'
OS: 'Windows 10 Pro; OS build 19042.1165; Version 2009; 64bit' Language: 'es' Physical Memory: 7878 MB
BatchMode: 1, IsHumanControllingUs: 0, StartBugReporterOnCrash: 0, Is64bit: 1, IsPro: 0

 COMMAND LINE ARGUMENTS:
C:\Program Files\Unity\Hub\Editor\2020.3.6f1\Editor\Unity.exe
-adb2
-batchMode
-noUpm
-name
AssetImportWorker2
-projectPath
C:/Users/Tomas/Desktop/Repository/UNITY-UI-DEMO/UNITY-UI-DEMO
-logFile
Logs/AssetImportWorker2.log
-srvPort
49961
Successfully changed project path to: C:/Users/Tomas/Desktop/Repository/UNITY-UI-DEMO/UNITY-UI-DEMO
C:/Users/Tomas/Desktop/Repository/UNITY-UI-DEMO/UNITY-UI-DEMO
Using Asset Import Pipeline V2.
Refreshing native plugins compatible for Editor in 171.21 ms, found 1 plugins.
Preloading 0 native plugins for Editor in 0.00 ms.
Initialize engine version: 2020.3.6f1 (338bb68529b2)
[Subsystems] Discovering subsystems at path C:/Program Files/Unity/Hub/Editor/2020.3.6f1/Editor/Data/Resources/UnitySubsystems
[Subsystems] Discovering subsystems at path C:/Users/Tomas/Desktop/Repository/UNITY-UI-DEMO/UNITY-UI-DEMO/Assets
GfxDevice: creating device client; threaded=0
Direct3D:
    Version:  Direct3D 11.0 [level 11.1]
    Renderer: Intel(R) HD Graphics Family (ID=0xa16)
    Vendor:   
    VRAM:     2048 MB
    Driver:   20.19.15.4531
Initialize mono
Mono path[0] = 'C:/Program Files/Unity/Hub/Editor/2020.3.6f1/Editor/Data/Managed'
Mono path[1] = 'C:/Program Files/Unity/Hub/Editor/2020.3.6f1/Editor/Data/MonoBleedingEdge/lib/mono/unityjit'
Mono config path = 'C:/Program Files/Unity/Hub/Editor/2020.3.6f1/Editor/Data/MonoBleedingEdge/etc'
Using monoOptions --debugger-agent=transport=dt_socket,embedding=1,server=y,suspend=n,address=127.0.0.1:56696
Begin MonoManager ReloadAssembly
Registering precompiled unity dll's ...
Register platform support module: C:/Program Files/Unity/Hub/Editor/2020.3.6f1/Editor/Data/PlaybackEngines/WindowsStandaloneSupport/UnityEditor.WindowsStandalone.Extensions.dll
Registered in 0.003052 seconds.
Native extension for WindowsStandalone target not found
Refreshing native plugins compatible for Editor in 72.64 ms, found 1 plugins.
Preloading 0 native plugins for Editor in 0.00 ms.
Mono: successfully reloaded assembly
- Completed reload, in  3.692 seconds
Platform modules already initialized, skipping
Registering precompiled user dll's ...
Registered in 0.004684 seconds.
Begin MonoManager ReloadAssembly
Native extension for WindowsStandalone target not found
Refreshing native plugins compatible for Editor in 72.74 ms, found 1 plugins.
Preloading 0 native plugins for Editor in 0.00 ms.
Mono: successfully reloaded assembly
- Completed reload, in  1.695 seconds
Platform modules already initialized, skipping
========================================================================
Worker process is ready to serve import requests
Launched and connected shader compiler UnityShaderCompiler.exe after 0.08 seconds
Refreshing native plugins compatible for Editor in 1.02 ms, found 1 plugins.
Preloading 0 native plugins for Editor in 0.00 ms.
Unloading 2740 Unused Serialized files (Serialized files now loaded: 0)
System memory in use before: 113.0 MB.
System memory in use after: 113.1 MB.

Unloading 28 unused Assets to reduce memory usage. Loaded Objects now: 3182.
Total: 8.939300 ms (FindLiveObjects: 2.719100 ms CreateObjectMapping: 0.767000 ms MarkObjects: 5.308400 ms  DeleteObjects: 0.142000 ms)

========================================================================
Received Import Request.
  path: Assets/SCRIPTS/MODEL/GameController.cs
  artifactKey: Guid(49ff0a780583eae438c1c4794bfbf2ab) Importer(815301076,1909f56bfc062723c751e8b465ee728b)
Start importing Assets/SCRIPTS/MODEL/GameController.cs using Guid(49ff0a780583eae438c1c4794bfbf2ab) Importer(815301076,1909f56bfc062723c751e8b465ee728b)  -> (artifact id: '4a8c985bc5f1d0cb3947d55cb9403d82') in 0.061941 seconds
  Import took 0.071567 seconds .

========================================================================
Received Prepare
Registering precompiled user dll's ...
Registered in 0.009268 seconds.
Begin MonoManager ReloadAssembly
Native extension for WindowsStandalone target not found
Refreshing native plugins compatible for Editor in 0.67 ms, found 1 plugins.
Preloading 0 native plugins for Editor in 0.00 ms.
Mono: successfully reloaded assembly
- Completed reload, in  1.895 seconds
Platform modules already initialized, skipping
Refreshing native plugins compatible for Editor in 1.48 ms, found 1 plugins.
Preloading 0 native plugins for Editor in 0.00 ms.
Unloading 2702 Unused Serialized files (Serialized files now loaded: 0)
System memory in use before: 112.0 MB.
System memory in use after: 112.2 MB.

Unloading 12 unused Assets to reduce memory usage. Loaded Objects now: 3185.
Total: 3.063700 ms (FindLiveObjects: 0.366300 ms CreateObjectMapping: 0.234600 ms MarkObjects: 2.434900 ms  DeleteObjects: 0.026300 ms)

========================================================================
Received Prepare
Registering precompiled user dll's ...
Registered in 0.061499 seconds.
Begin MonoManager ReloadAssembly
Native extension for WindowsStandalone target not found
Refreshing native plugins compatible for Editor in 0.75 ms, found 1 plugins.
Preloading 0 native plugins for Editor in 0.00 ms.
Mono: successfully reloaded assembly
- Completed reload, in  1.824 seconds
Platform modules already initialized, skipping
Refreshing native plugins compatible for Editor in 1.07 ms, found 1 plugins.
Preloading 0 native plugins for Editor in 0.00 ms.
Unloading 2702 Unused Serialized files (Serialized files now loaded: 0)
System memory in use before: 112.0 MB.
System memory in use after: 112.3 MB.

Unloading 12 unused Assets to reduce memory usage. Loaded Objects now: 3188.
Total: 3.008900 ms (FindLiveObjects: 0.337800 ms CreateObjectMapping: 0.171900 ms MarkObjects: 2.463100 ms  DeleteObjects: 0.034700 ms)

========================================================================
Received Prepare
Registering precompiled user dll's ...
Registered in 0.004607 seconds.
Begin MonoManager ReloadAssembly
Native extension for WindowsStandalone target not found
Refreshing native plugins compatible for Editor in 0.67 ms, found 1 plugins.
Preloading 0 native plugins for Editor in 0.00 ms.
Mono: successfully reloaded assembly
- Completed reload, in  2.136 seconds
Platform modules already initialized, skipping
Refreshing native plugins compatible for Editor in 1.22 ms, found 1 plugins.
Preloading 0 native plugins for Editor in 0.00 ms.
Unloading 2702 Unused Serialized files (Serialized files now loaded: 0)
System memory in use before: 112.1 MB.
System memory in use after: 112.3 MB.

Unloading 12 unused Assets to reduce memory usage. Loaded Objects now: 3191.
Total: 3.396700 ms (FindLiveObjects: 0.377300 ms CreateObjectMapping: 0.173500 ms MarkObjects: 2.815000 ms  DeleteObjects: 0.029000 ms)

========================================================================
Received Prepare
Registering precompiled user dll's ...
Registered in 0.005715 seconds.
Begin MonoManager ReloadAssembly
Native extension for WindowsStandalone target not found
Refreshing native plugins compatible for Editor in 1.59 ms, found 1 plugins.
Preloading 0 native plugins for Editor in 0.00 ms.
Mono: successfully reloaded assembly
- Completed reload, in  2.305 seconds
Platform modules already initialized, skipping
Refreshing native plugins compatible for Editor in 1.10 ms, found 1 plugins.
Preloading 0 native plugins for Editor in 0.00 ms.
Unloading 2702 Unused Serialized files (Serialized files now loaded: 0)
System memory in use before: 112.1 MB.
System memory in use after: 112.3 MB.

Unloading 12 unused Assets to reduce memory usage. Loaded Objects now: 3194.
Total: 4.177600 ms (FindLiveObjects: 0.298700 ms CreateObjectMapping: 0.158200 ms MarkObjects: 3.689300 ms  DeleteObjects: 0.029400 ms)

========================================================================
Received Prepare
Registering precompiled user dll's ...
Registered in 0.005687 seconds.
Begin MonoManager ReloadAssembly
Native extension for WindowsStandalone target not found
Refreshing native plugins compatible for Editor in 0.71 ms, found 1 plugins.
Preloading 0 native plugins for Editor in 0.00 ms.
Mono: successfully reloaded assembly
- Completed reload, in  1.940 seconds
Platform modules already initialized, skipping
Refreshing native plugins compatible for Editor in 2.19 ms, found 1 plugins.
Preloading 0 native plugins for Editor in 0.00 ms.
Unloading 2702 Unused Serialized files (Serialized files now loaded: 0)
System memory in use before: 112.0 MB.
System memory in use after: 112.2 MB.

Unloading 12 unused Assets to reduce memory usage. Loaded Objects now: 3197.
Total: 3.259600 ms (FindLiveObjects: 0.315900 ms CreateObjectMapping: 0.174000 ms MarkObjects: 2.743600 ms  DeleteObjects: 0.024900 ms)

========================================================================
Received Prepare
Registering precompiled user dll's ...
Registered in 0.007891 seconds.
Begin MonoManager ReloadAssembly
Native extension for WindowsStandalone target not found
Refreshing native plugins compatible for Editor in 0.64 ms, found 1 plugins.
Preloading 0 native plugins for Editor in 0.00 ms.
Mono: successfully reloaded assembly
- Completed reload, in  1.974 seconds
Platform modules already initialized, skipping
Refreshing native plugins compatible for Editor in 1.07 ms, found 1 plugins.
Preloading 0 native plugins for Editor in 0.00 ms.
Unloading 2702 Unused Serialized files (Serialized files now loaded: 0)
System memory in use before: 112.1 MB.
System memory in use after: 112.3 MB.

Unloading 12 unused Assets to reduce memory usage. Loaded Objects now: 3200.
Total: 3.572500 ms (FindLiveObjects: 0.378100 ms CreateObjectMapping: 0.328900 ms MarkObjects: 2.831300 ms  DeleteObjects: 0.031200 ms)

========================================================================
Received Import Request.
  Time since last request: 733.631369 seconds.
  path: Assets/SCRIPTS/MODEL/User.cs
  artifactKey: Guid(12ac0273bf72b9b429c7305802466ace) Importer(815301076,1909f56bfc062723c751e8b465ee728b)
Start importing Assets/SCRIPTS/MODEL/User.cs using Guid(12ac0273bf72b9b429c7305802466ace) Importer(815301076,1909f56bfc062723c751e8b465ee728b)  -> (artifact id: 'eac624a691f481e5b8b98923c5fe9871') in 0.056059 seconds
  Import took 0.067563 seconds .

========================================================================
Received Prepare
Registering precompiled user dll's ...
Registered in 0.012524 seconds.
Begin MonoManager ReloadAssembly
Native extension for WindowsStandalone target not found
Refreshing native plugins compatible for Editor in 0.61 ms, found 1 plugins.
Preloading 0 native plugins for Editor in 0.00 ms.
Mono: successfully reloaded assembly
- Completed reload, in  1.651 seconds
Platform modules already initialized, skipping
Refreshing native plugins compatible for Editor in 1.12 ms, found 1 plugins.
Preloading 0 native plugins for Editor in 0.00 ms.
Unloading 2703 Unused Serialized files (Serialized files now loaded: 0)
System memory in use before: 112.1 MB.
System memory in use after: 112.4 MB.

Unloading 12 unused Assets to reduce memory usage. Loaded Objects now: 3204.
Total: 3.743300 ms (FindLiveObjects: 0.350500 ms CreateObjectMapping: 0.173600 ms MarkObjects: 3.189600 ms  DeleteObjects: 0.027400 ms)

========================================================================
Received Prepare
Registering precompiled user dll's ...
Registered in 0.005651 seconds.
Begin MonoManager ReloadAssembly
Native extension for WindowsStandalone target not found
Refreshing native plugins compatible for Editor in 0.69 ms, found 1 plugins.
Preloading 0 native plugins for Editor in 0.00 ms.
Mono: successfully reloaded assembly
- Completed reload, in  2.242 seconds
Platform modules already initialized, skipping
Refreshing native plugins compatible for Editor in 1.33 ms, found 1 plugins.
Preloading 0 native plugins for Editor in 0.00 ms.
Unloading 2703 Unused Serialized files (Serialized files now loaded: 0)
System memory in use before: 112.2 MB.
System memory in use after: 112.4 MB.

Unloading 12 unused Assets to reduce memory usage. Loaded Objects now: 3207.
Total: 2.981700 ms (FindLiveObjects: 0.323700 ms CreateObjectMapping: 0.156600 ms MarkObjects: 2.466300 ms  DeleteObjects: 0.033800 ms)

========================================================================
Received Import Request.
  Time since last request: 112.915349 seconds.
  path: Assets/SCRIPTS/MODEL/User.cs
  artifactKey: Guid(12ac0273bf72b9b429c7305802466ace) Importer(815301076,1909f56bfc062723c751e8b465ee728b)
Start importing Assets/SCRIPTS/MODEL/User.cs using Guid(12ac0273bf72b9b429c7305802466ace) Importer(815301076,1909f56bfc062723c751e8b465ee728b)  -> (artifact id: '284fce086e5895ccd56b000d0414dfd0') in 0.020353 seconds
  Import took 0.029996 seconds .

========================================================================
Received Prepare
Registering precompiled user dll's ...
Registered in 0.011146 seconds.
Begin MonoManager ReloadAssembly
Native extension for WindowsStandalone target not found
Refreshing native plugins compatible for Editor in 0.66 ms, found 1 plugins.
Preloading 0 native plugins for Editor in 0.00 ms.
Mono: successfully reloaded assembly
- Completed reload, in  1.872 seconds
Platform modules already initialized, skipping
Refreshing native plugins compatible for Editor in 0.97 ms, found 1 plugins.
Preloading 0 native plugins for Editor in 0.00 ms.
Unloading 2703 Unused Serialized files (Serialized files now loaded: 0)
System memory in use before: 112.2 MB.
System memory in use after: 112.4 MB.

Unloading 12 unused Assets to reduce memory usage. Loaded Objects now: 3210.
Total: 3.730500 ms (FindLiveObjects: 0.368800 ms CreateObjectMapping: 0.173800 ms MarkObjects: 3.157300 ms  DeleteObjects: 0.029000 ms)

========================================================================
Received Import Request.
  Time since last request: 95.169713 seconds.
  path: Assets/SCRIPTS/MODEL/User.cs
  artifactKey: Guid(12ac0273bf72b9b429c7305802466ace) Importer(815301076,1909f56bfc062723c751e8b465ee728b)
Start importing Assets/SCRIPTS/MODEL/User.cs using Guid(12ac0273bf72b9b429c7305802466ace) Importer(815301076,1909f56bfc062723c751e8b465ee728b)  -> (artifact id: '199e70f2b737202160d4f4b788a9f425') in 0.025131 seconds
  Import took 0.037427 seconds .

========================================================================
Received Prepare
Registering precompiled user dll's ...
Registered in 0.006712 seconds.
Begin MonoManager ReloadAssembly
Native extension for WindowsStandalone target not found
Refreshing native plugins compatible for Editor in 0.64 ms, found 1 plugins.
Preloading 0 native plugins for Editor in 0.00 ms.
Mono: successfully reloaded assembly
- Completed reload, in  1.533 seconds
Platform modules already initialized, skipping
Refreshing native plugins compatible for Editor in 1.24 ms, found 1 plugins.
Preloading 0 native plugins for Editor in 0.00 ms.
Unloading 2703 Unused Serialized files (Serialized files now loaded: 0)
System memory in use before: 112.1 MB.
System memory in use after: 112.3 MB.

Unloading 12 unused Assets to reduce memory usage. Loaded Objects now: 3213.
Total: 4.423300 ms (FindLiveObjects: 0.317300 ms CreateObjectMapping: 0.174800 ms MarkObjects: 3.902400 ms  DeleteObjects: 0.027100 ms)

========================================================================
Received Import Request.
  Time since last request: 178.885669 seconds.
  path: Assets/SCRIPTS/MODEL/User.cs
  artifactKey: Guid(12ac0273bf72b9b429c7305802466ace) Importer(815301076,1909f56bfc062723c751e8b465ee728b)
Start importing Assets/SCRIPTS/MODEL/User.cs using Guid(12ac0273bf72b9b429c7305802466ace) Importer(815301076,1909f56bfc062723c751e8b465ee728b)  -> (artifact id: 'd7ddded115e771f8c609c23206fbfd95') in 0.020305 seconds
  Import took 0.028210 seconds .

========================================================================
Received Prepare
Registering precompiled user dll's ...
Registered in 0.006609 seconds.
Begin MonoManager ReloadAssembly
Native extension for WindowsStandalone target not found
Refreshing native plugins compatible for Editor in 0.65 ms, found 1 plugins.
Preloading 0 native plugins for Editor in 0.00 ms.
Mono: successfully reloaded assembly
- Completed reload, in  1.472 seconds
Platform modules already initialized, skipping
Refreshing native plugins compatible for Editor in 2.33 ms, found 1 plugins.
Preloading 0 native plugins for Editor in 0.00 ms.
Unloading 2703 Unused Serialized files (Serialized files now loaded: 0)
System memory in use before: 112.2 MB.
System memory in use after: 112.4 MB.

Unloading 12 unused Assets to reduce memory usage. Loaded Objects now: 3216.
Total: 3.324800 ms (FindLiveObjects: 0.303000 ms CreateObjectMapping: 0.159100 ms MarkObjects: 2.836300 ms  DeleteObjects: 0.024500 ms)

========================================================================
Received Prepare
Registering precompiled user dll's ...
Registered in 0.109932 seconds.
Begin MonoManager ReloadAssembly
Native extension for WindowsStandalone target not found
Refreshing native plugins compatible for Editor in 0.71 ms, found 1 plugins.
Preloading 0 native plugins for Editor in 0.00 ms.
Mono: successfully reloaded assembly
- Completed reload, in  3.256 seconds
Platform modules already initialized, skipping
Refreshing native plugins compatible for Editor in 1.11 ms, found 1 plugins.
Preloading 0 native plugins for Editor in 0.00 ms.
Unloading 2703 Unused Serialized files (Serialized files now loaded: 0)
System memory in use before: 112.2 MB.
System memory in use after: 112.4 MB.

Unloading 12 unused Assets to reduce memory usage. Loaded Objects now: 3219.
Total: 6.230000 ms (FindLiveObjects: 0.521300 ms CreateObjectMapping: 1.148500 ms MarkObjects: 4.530000 ms  DeleteObjects: 0.028200 ms)

========================================================================
Received Prepare
Registering precompiled user dll's ...
Registered in 0.004995 seconds.
Begin MonoManager ReloadAssembly
Native extension for WindowsStandalone target not found
Refreshing native plugins compatible for Editor in 0.67 ms, found 1 plugins.
Preloading 0 native plugins for Editor in 0.00 ms.
Mono: successfully reloaded assembly
- Completed reload, in  1.970 seconds
Platform modules already initialized, skipping
Refreshing native plugins compatible for Editor in 1.10 ms, found 1 plugins.
Preloading 0 native plugins for Editor in 0.00 ms.
Unloading 2703 Unused Serialized files (Serialized files now loaded: 0)
System memory in use before: 112.2 MB.
System memory in use after: 112.4 MB.

Unloading 12 unused Assets to reduce memory usage. Loaded Objects now: 3222.
Total: 6.989800 ms (FindLiveObjects: 0.535100 ms CreateObjectMapping: 0.217400 ms MarkObjects: 6.199700 ms  DeleteObjects: 0.034900 ms)

========================================================================
Received Import Request.
  Time since last request: 137.136483 seconds.
  path: Assets/SCRIPTS/MODEL/User.cs
  artifactKey: Guid(12ac0273bf72b9b429c7305802466ace) Importer(815301076,1909f56bfc062723c751e8b465ee728b)
Start importing Assets/SCRIPTS/MODEL/User.cs using Guid(12ac0273bf72b9b429c7305802466ace) Importer(815301076,1909f56bfc062723c751e8b465ee728b)  -> (artifact id: 'f39027484bb29a7199a9327d7f894185') in 0.010017 seconds
  Import took 0.016289 seconds .

========================================================================
Received Prepare
Registering precompiled user dll's ...
Registered in 0.004924 seconds.
Begin MonoManager ReloadAssembly
Native extension for WindowsStandalone target not found
Refreshing native plugins compatible for Editor in 0.67 ms, found 1 plugins.
Preloading 0 native plugins for Editor in 0.00 ms.
Mono: successfully reloaded assembly
- Completed reload, in  2.006 seconds
Platform modules already initialized, skipping
Refreshing native plugins compatible for Editor in 1.39 ms, found 1 plugins.
Preloading 0 native plugins for Editor in 0.00 ms.
Unloading 2703 Unused Serialized files (Serialized files now loaded: 0)
System memory in use before: 112.2 MB.
System memory in use after: 112.4 MB.

Unloading 12 unused Assets to reduce memory usage. Loaded Objects now: 3225.
Total: 3.457400 ms (FindLiveObjects: 0.455000 ms CreateObjectMapping: 0.268100 ms MarkObjects: 2.698100 ms  DeleteObjects: 0.034100 ms)

========================================================================
Received Import Request.
  Time since last request: 147.660980 seconds.
  path: Assets/SCRIPTS/MODEL/User.cs
  artifactKey: Guid(12ac0273bf72b9b429c7305802466ace) Importer(815301076,1909f56bfc062723c751e8b465ee728b)
Start importing Assets/SCRIPTS/MODEL/User.cs using Guid(12ac0273bf72b9b429c7305802466ace) Importer(815301076,1909f56bfc062723c751e8b465ee728b)  -> (artifact id: 'fb0da9508b820bfc4808fa9604aca586') in 0.009719 seconds
  Import took 0.016365 seconds .

========================================================================
Received Prepare
Registering precompiled user dll's ...
Registered in 0.005424 seconds.
Begin MonoManager ReloadAssembly
Native extension for WindowsStandalone target not found
Refreshing native plugins compatible for Editor in 0.74 ms, found 1 plugins.
Preloading 0 native plugins for Editor in 0.00 ms.
Mono: successfully reloaded assembly
- Completed reload, in  1.649 seconds
Platform modules already initialized, skipping
Refreshing native plugins compatible for Editor in 1.42 ms, found 1 plugins.
Preloading 0 native plugins for Editor in 0.00 ms.
Unloading 2703 Unused Serialized files (Serialized files now loaded: 0)
System memory in use before: 112.1 MB.
System memory in use after: 112.3 MB.

Unloading 12 unused Assets to reduce memory usage. Loaded Objects now: 3228.
Total: 4.080600 ms (FindLiveObjects: 0.360700 ms CreateObjectMapping: 0.260100 ms MarkObjects: 3.413100 ms  DeleteObjects: 0.044900 ms)

========================================================================
Received Prepare
Registering precompiled user dll's ...
Registered in 0.008751 seconds.
Begin MonoManager ReloadAssembly
Native extension for WindowsStandalone target not found
Refreshing native plugins compatible for Editor in 0.69 ms, found 1 plugins.
Preloading 0 native plugins for Editor in 0.00 ms.
Mono: successfully reloaded assembly
- Completed reload, in  2.205 seconds
Platform modules already initialized, skipping
Refreshing native plugins compatible for Editor in 1.17 ms, found 1 plugins.
Preloading 0 native plugins for Editor in 0.00 ms.
Unloading 2703 Unused Serialized files (Serialized files now loaded: 0)
System memory in use before: 112.2 MB.
System memory in use after: 112.5 MB.

Unloading 12 unused Assets to reduce memory usage. Loaded Objects now: 3231.
Total: 3.236000 ms (FindLiveObjects: 0.305500 ms CreateObjectMapping: 0.164000 ms MarkObjects: 2.733900 ms  DeleteObjects: 0.030200 ms)

========================================================================
Received Import Request.
  Time since last request: 60.842374 seconds.
  path: Assets/SCRIPTS/MODEL/User.cs
  artifactKey: Guid(12ac0273bf72b9b429c7305802466ace) Importer(815301076,1909f56bfc062723c751e8b465ee728b)
Start importing Assets/SCRIPTS/MODEL/User.cs using Guid(12ac0273bf72b9b429c7305802466ace) Importer(815301076,1909f56bfc062723c751e8b465ee728b)  -> (artifact id: '96103420547d8e05bdbd5162651d559d') in 0.034878 seconds
  Import took 0.044506 seconds .

========================================================================
Received Import Request.
  Time since last request: 0.001254 seconds.
  path: Assets/SCRIPTS/MODEL/User.cs
  artifactKey: Guid(12ac0273bf72b9b429c7305802466ace) Importer(815301076,1909f56bfc062723c751e8b465ee728b)
Start importing Assets/SCRIPTS/MODEL/User.cs using Guid(12ac0273bf72b9b429c7305802466ace) Importer(815301076,1909f56bfc062723c751e8b465ee728b)  -> (artifact id: '96103420547d8e05bdbd5162651d559d') in 0.023036 seconds
  Import took 0.036058 seconds .

========================================================================
Received Prepare
Registering precompiled user dll's ...
Registered in 0.007909 seconds.
Begin MonoManager ReloadAssembly
Native extension for WindowsStandalone target not found
Refreshing native plugins compatible for Editor in 0.67 ms, found 1 plugins.
Preloading 0 native plugins for Editor in 0.00 ms.
Mono: successfully reloaded assembly
- Completed reload, in  1.820 seconds
Platform modules already initialized, skipping
Refreshing native plugins compatible for Editor in 1.60 ms, found 1 plugins.
Preloading 0 native plugins for Editor in 0.00 ms.
Unloading 2703 Unused Serialized files (Serialized files now loaded: 0)
System memory in use before: 112.2 MB.
System memory in use after: 112.5 MB.

Unloading 12 unused Assets to reduce memory usage. Loaded Objects now: 3234.
Total: 3.730700 ms (FindLiveObjects: 0.491900 ms CreateObjectMapping: 0.178500 ms MarkObjects: 3.025600 ms  DeleteObjects: 0.033000 ms)

========================================================================
Received Import Request.
  Time since last request: 47.708987 seconds.
  path: Assets/SCRIPTS/MODEL/User.cs
  artifactKey: Guid(12ac0273bf72b9b429c7305802466ace) Importer(815301076,1909f56bfc062723c751e8b465ee728b)
Start importing Assets/SCRIPTS/MODEL/User.cs using Guid(12ac0273bf72b9b429c7305802466ace) Importer(815301076,1909f56bfc062723c751e8b465ee728b)  -> (artifact id: '39c5c5639e9152a838f104d2af8ba5b3') in 0.023797 seconds
  Import took 0.032814 seconds .

========================================================================
Received Prepare
Registering precompiled user dll's ...
Registered in 0.004942 seconds.
Begin MonoManager ReloadAssembly
Native extension for WindowsStandalone target not found
Refreshing native plugins compatible for Editor in 2.83 ms, found 1 plugins.
Preloading 0 native plugins for Editor in 0.00 ms.
Mono: successfully reloaded assembly
- Completed reload, in  2.127 seconds
Platform modules already initialized, skipping
Refreshing native plugins compatible for Editor in 1.11 ms, found 1 plugins.
Preloading 0 native plugins for Editor in 0.00 ms.
Unloading 2703 Unused Serialized files (Serialized files now loaded: 0)
System memory in use before: 112.2 MB.
System memory in use after: 112.5 MB.

Unloading 12 unused Assets to reduce memory usage. Loaded Objects now: 3237.
Total: 4.374200 ms (FindLiveObjects: 0.393600 ms CreateObjectMapping: 0.191200 ms MarkObjects: 3.757100 ms  DeleteObjects: 0.030300 ms)

========================================================================
Received Prepare
Registering precompiled user dll's ...
Registered in 0.008270 seconds.
Begin MonoManager ReloadAssembly
Native extension for WindowsStandalone target not found
Refreshing native plugins compatible for Editor in 0.72 ms, found 1 plugins.
Preloading 0 native plugins for Editor in 0.00 ms.
Mono: successfully reloaded assembly
- Completed reload, in  1.610 seconds
Platform modules already initialized, skipping
Refreshing native plugins compatible for Editor in 1.14 ms, found 1 plugins.
Preloading 0 native plugins for Editor in 0.00 ms.
Unloading 2703 Unused Serialized files (Serialized files now loaded: 0)
System memory in use before: 112.3 MB.
System memory in use after: 112.5 MB.

Unloading 12 unused Assets to reduce memory usage. Loaded Objects now: 3240.
Total: 3.101100 ms (FindLiveObjects: 0.303400 ms CreateObjectMapping: 0.160700 ms MarkObjects: 2.566700 ms  DeleteObjects: 0.068600 ms)

========================================================================
Received Prepare
Registering precompiled user dll's ...
Registered in 0.009241 seconds.
Begin MonoManager ReloadAssembly
Native extension for WindowsStandalone target not found
Refreshing native plugins compatible for Editor in 0.69 ms, found 1 plugins.
Preloading 0 native plugins for Editor in 0.00 ms.
Mono: successfully reloaded assembly
- Completed reload, in  1.557 seconds
Platform modules already initialized, skipping
Refreshing native plugins compatible for Editor in 1.18 ms, found 1 plugins.
Preloading 0 native plugins for Editor in 0.00 ms.
Unloading 2703 Unused Serialized files (Serialized files now loaded: 0)
System memory in use before: 112.2 MB.
System memory in use after: 112.4 MB.

Unloading 12 unused Assets to reduce memory usage. Loaded Objects now: 3243.
Total: 3.379000 ms (FindLiveObjects: 0.285800 ms CreateObjectMapping: 0.151600 ms MarkObjects: 2.908800 ms  DeleteObjects: 0.031500 ms)

========================================================================
Received Prepare
Registering precompiled user dll's ...
Registered in 0.008055 seconds.
Begin MonoManager ReloadAssembly
Native extension for WindowsStandalone target not found
Refreshing native plugins compatible for Editor in 0.70 ms, found 1 plugins.
Preloading 0 native plugins for Editor in 0.00 ms.
Mono: successfully reloaded assembly
- Completed reload, in  2.154 seconds
Platform modules already initialized, skipping
Refreshing native plugins compatible for Editor in 1.04 ms, found 1 plugins.
Preloading 0 native plugins for Editor in 0.00 ms.
Unloading 2703 Unused Serialized files (Serialized files now loaded: 0)
System memory in use before: 112.3 MB.
System memory in use after: 112.5 MB.

Unloading 12 unused Assets to reduce memory usage. Loaded Objects now: 3246.
Total: 3.635600 ms (FindLiveObjects: 0.315000 ms CreateObjectMapping: 0.166900 ms MarkObjects: 3.124700 ms  DeleteObjects: 0.027100 ms)

========================================================================
Received Prepare
Registering precompiled user dll's ...
Registered in 0.008231 seconds.
Begin MonoManager ReloadAssembly
Native extension for WindowsStandalone target not found
Refreshing native plugins compatible for Editor in 0.67 ms, found 1 plugins.
Preloading 0 native plugins for Editor in 0.00 ms.
Mono: successfully reloaded assembly
- Completed reload, in  1.514 seconds
Platform modules already initialized, skipping
Refreshing native plugins compatible for Editor in 1.13 ms, found 1 plugins.
Preloading 0 native plugins for Editor in 0.00 ms.
Unloading 2703 Unused Serialized files (Serialized files now loaded: 0)
System memory in use before: 112.3 MB.
System memory in use after: 112.5 MB.

Unloading 12 unused Assets to reduce memory usage. Loaded Objects now: 3249.
Total: 3.338100 ms (FindLiveObjects: 0.304800 ms CreateObjectMapping: 0.170000 ms MarkObjects: 2.827500 ms  DeleteObjects: 0.034200 ms)

========================================================================
Received Prepare
Registering precompiled user dll's ...
Registered in 0.008358 seconds.
Begin MonoManager ReloadAssembly
Native extension for WindowsStandalone target not found
Refreshing native plugins compatible for Editor in 0.73 ms, found 1 plugins.
Preloading 0 native plugins for Editor in 0.00 ms.
Mono: successfully reloaded assembly
- Completed reload, in  1.956 seconds
Platform modules already initialized, skipping
Refreshing native plugins compatible for Editor in 2.01 ms, found 1 plugins.
Preloading 0 native plugins for Editor in 0.00 ms.
Unloading 2703 Unused Serialized files (Serialized files now loaded: 0)
System memory in use before: 112.3 MB.
System memory in use after: 112.5 MB.

Unloading 12 unused Assets to reduce memory usage. Loaded Objects now: 3252.
Total: 5.930600 ms (FindLiveObjects: 0.658200 ms CreateObjectMapping: 0.223400 ms MarkObjects: 5.011700 ms  DeleteObjects: 0.035100 ms)

========================================================================
Received Prepare
Registering precompiled user dll's ...
Registered in 0.007367 seconds.
Begin MonoManager ReloadAssembly
Native extension for WindowsStandalone target not found
Refreshing native plugins compatible for Editor in 0.64 ms, found 1 plugins.
Preloading 0 native plugins for Editor in 0.00 ms.
Mono: successfully reloaded assembly
- Completed reload, in  1.435 seconds
Platform modules already initialized, skipping
Refreshing native plugins compatible for Editor in 1.16 ms, found 1 plugins.
Preloading 0 native plugins for Editor in 0.00 ms.
Unloading 2703 Unused Serialized files (Serialized files now loaded: 0)
System memory in use before: 112.3 MB.
System memory in use after: 112.5 MB.

Unloading 12 unused Assets to reduce memory usage. Loaded Objects now: 3255.
Total: 3.412200 ms (FindLiveObjects: 0.293400 ms CreateObjectMapping: 0.147500 ms MarkObjects: 2.938200 ms  DeleteObjects: 0.031700 ms)

========================================================================
Received Import Request.
  Time since last request: 593.692892 seconds.
  path: Assets/SCENES/scene_signin.unity
  artifactKey: Guid(07c2a717f419ea24697294987b4bd0fb) Importer(815301076,1909f56bfc062723c751e8b465ee728b)
Start importing Assets/SCENES/scene_signin.unity using Guid(07c2a717f419ea24697294987b4bd0fb) Importer(815301076,1909f56bfc062723c751e8b465ee728b)  -> (artifact id: 'c9f5ae77986648edc7cf0f4348aa2763') in 0.034150 seconds
  Import took 0.044834 seconds .

========================================================================
Received Import Request.
  Time since last request: 109.210310 seconds.
  path: Assets/SCENES/scene_signin.unity
  artifactKey: Guid(07c2a717f419ea24697294987b4bd0fb) Importer(815301076,1909f56bfc062723c751e8b465ee728b)
Start importing Assets/SCENES/scene_signin.unity using Guid(07c2a717f419ea24697294987b4bd0fb) Importer(815301076,1909f56bfc062723c751e8b465ee728b)  -> (artifact id: '92adfdaa43eba5f5e5796705869a8dcc') in 0.016819 seconds
  Import took 0.025182 seconds .

========================================================================
Received Prepare
Registering precompiled user dll's ...
Registered in 0.006139 seconds.
Begin MonoManager ReloadAssembly
Native extension for WindowsStandalone target not found
Refreshing native plugins compatible for Editor in 0.64 ms, found 1 plugins.
Preloading 0 native plugins for Editor in 0.00 ms.
Mono: successfully reloaded assembly
- Completed reload, in  2.734 seconds
Platform modules already initialized, skipping
Refreshing native plugins compatible for Editor in 2.22 ms, found 1 plugins.
Preloading 0 native plugins for Editor in 0.00 ms.
Unloading 2703 Unused Serialized files (Serialized files now loaded: 0)
System memory in use before: 112.2 MB.
System memory in use after: 112.5 MB.

Unloading 12 unused Assets to reduce memory usage. Loaded Objects now: 3258.
Total: 3.387000 ms (FindLiveObjects: 0.318900 ms CreateObjectMapping: 0.169600 ms MarkObjects: 2.871600 ms  DeleteObjects: 0.025600 ms)

========================================================================
Received Prepare
Registering precompiled user dll's ...
Registered in 0.004573 seconds.
Begin MonoManager ReloadAssembly
Native extension for WindowsStandalone target not found
Refreshing native plugins compatible for Editor in 0.69 ms, found 1 plugins.
Preloading 0 native plugins for Editor in 0.00 ms.
Mono: successfully reloaded assembly
- Completed reload, in  1.750 seconds
Platform modules already initialized, skipping
Refreshing native plugins compatible for Editor in 1.66 ms, found 1 plugins.
Preloading 0 native plugins for Editor in 0.00 ms.
Unloading 2703 Unused Serialized files (Serialized files now loaded: 0)
System memory in use before: 112.3 MB.
System memory in use after: 112.6 MB.

Unloading 12 unused Assets to reduce memory usage. Loaded Objects now: 3261.
Total: 3.226300 ms (FindLiveObjects: 0.306700 ms CreateObjectMapping: 0.159300 ms MarkObjects: 2.734400 ms  DeleteObjects: 0.024400 ms)

========================================================================
Received Prepare
Registering precompiled user dll's ...
Registered in 0.004871 seconds.
Begin MonoManager ReloadAssembly
Native extension for WindowsStandalone target not found
Refreshing native plugins compatible for Editor in 0.66 ms, found 1 plugins.
Preloading 0 native plugins for Editor in 0.00 ms.
Mono: successfully reloaded assembly
- Completed reload, in  2.586 seconds
Platform modules already initialized, skipping
Refreshing native plugins compatible for Editor in 1.22 ms, found 1 plugins.
Preloading 0 native plugins for Editor in 0.00 ms.
Unloading 2703 Unused Serialized files (Serialized files now loaded: 0)
System memory in use before: 112.4 MB.
System memory in use after: 112.6 MB.

Unloading 12 unused Assets to reduce memory usage. Loaded Objects now: 3264.
Total: 3.858400 ms (FindLiveObjects: 0.598800 ms CreateObjectMapping: 0.255200 ms MarkObjects: 2.973000 ms  DeleteObjects: 0.029500 ms)

========================================================================
Received Prepare
Registering precompiled user dll's ...
Registered in 0.004610 seconds.
Begin MonoManager ReloadAssembly
Native extension for WindowsStandalone target not found
Refreshing native plugins compatible for Editor in 0.75 ms, found 1 plugins.
Preloading 0 native plugins for Editor in 0.00 ms.
Mono: successfully reloaded assembly
- Completed reload, in  1.530 seconds
Platform modules already initialized, skipping
Refreshing native plugins compatible for Editor in 1.31 ms, found 1 plugins.
Preloading 0 native plugins for Editor in 0.00 ms.
Unloading 2703 Unused Serialized files (Serialized files now loaded: 0)
System memory in use before: 112.4 MB.
System memory in use after: 112.6 MB.

Unloading 12 unused Assets to reduce memory usage. Loaded Objects now: 3267.
Total: 3.585400 ms (FindLiveObjects: 0.392900 ms CreateObjectMapping: 0.172200 ms MarkObjects: 2.994200 ms  DeleteObjects: 0.024500 ms)

========================================================================
Received Prepare
Registering precompiled user dll's ...
Registered in 0.008607 seconds.
Begin MonoManager ReloadAssembly
Native extension for WindowsStandalone target not found
Refreshing native plugins compatible for Editor in 0.69 ms, found 1 plugins.
Preloading 0 native plugins for Editor in 0.00 ms.
Mono: successfully reloaded assembly
- Completed reload, in  1.973 seconds
Platform modules already initialized, skipping
Refreshing native plugins compatible for Editor in 2.42 ms, found 1 plugins.
Preloading 0 native plugins for Editor in 0.00 ms.
Unloading 2703 Unused Serialized files (Serialized files now loaded: 0)
System memory in use before: 112.4 MB.
System memory in use after: 112.6 MB.

Unloading 12 unused Assets to reduce memory usage. Loaded Objects now: 3270.
Total: 3.248100 ms (FindLiveObjects: 0.382100 ms CreateObjectMapping: 0.178300 ms MarkObjects: 2.661300 ms  DeleteObjects: 0.024700 ms)

========================================================================
Received Prepare
Registering precompiled user dll's ...
Registered in 0.005876 seconds.
Begin MonoManager ReloadAssembly
Native extension for WindowsStandalone target not found
Refreshing native plugins compatible for Editor in 0.63 ms, found 1 plugins.
Preloading 0 native plugins for Editor in 0.00 ms.
Mono: successfully reloaded assembly
- Completed reload, in  1.640 seconds
Platform modules already initialized, skipping
Refreshing native plugins compatible for Editor in 1.73 ms, found 1 plugins.
Preloading 0 native plugins for Editor in 0.00 ms.
Unloading 2703 Unused Serialized files (Serialized files now loaded: 0)
System memory in use before: 112.3 MB.
System memory in use after: 112.5 MB.

Unloading 12 unused Assets to reduce memory usage. Loaded Objects now: 3273.
Total: 3.363100 ms (FindLiveObjects: 0.369800 ms CreateObjectMapping: 0.172700 ms MarkObjects: 2.639900 ms  DeleteObjects: 0.179200 ms)

========================================================================
Received Prepare
Registering precompiled user dll's ...
Registered in 0.008465 seconds.
Begin MonoManager ReloadAssembly
Native extension for WindowsStandalone target not found
Refreshing native plugins compatible for Editor in 1.55 ms, found 1 plugins.
Preloading 0 native plugins for Editor in 0.00 ms.
Mono: successfully reloaded assembly
- Completed reload, in  2.191 seconds
Platform modules already initialized, skipping
Refreshing native plugins compatible for Editor in 1.27 ms, found 1 plugins.
Preloading 0 native plugins for Editor in 0.00 ms.
Unloading 2703 Unused Serialized files (Serialized files now loaded: 0)
System memory in use before: 112.4 MB.
System memory in use after: 112.6 MB.

Unloading 12 unused Assets to reduce memory usage. Loaded Objects now: 3276.
Total: 5.463700 ms (FindLiveObjects: 0.578900 ms CreateObjectMapping: 0.300100 ms MarkObjects: 4.543100 ms  DeleteObjects: 0.039100 ms)

AssetImportWorkerClient::OnTransportError - code=2 error=End of file
