Using pre-set license
Built from '2020.3/staging' branch; Version is '2020.3.6f1 (338bb68529b2) revision 3378102'; Using compiler version '192528614'; Build Type 'Release'
OS: 'Windows 10 Pro; OS build 19042.1165; Version 2009; 64bit' Language: 'es' Physical Memory: 7878 MB
BatchMode: 1, IsHumanControllingUs: 0, StartBugReporterOnCrash: 0, Is64bit: 1, IsPro: 0

 COMMAND LINE ARGUMENTS:
C:\Program Files\Unity\Hub\Editor\2020.3.6f1\Editor\Unity.exe
-adb2
-batchMode
-noUpm
-name
AssetImportWorker8
-projectPath
C:/Users/Tomas/Desktop/Repository/UNITY-UI-DEMO/UNITY-UI-DEMO
-logFile
Logs/AssetImportWorker8.log
-srvPort
59581
Successfully changed project path to: C:/Users/Tomas/Desktop/Repository/UNITY-UI-DEMO/UNITY-UI-DEMO
C:/Users/Tomas/Desktop/Repository/UNITY-UI-DEMO/UNITY-UI-DEMO
Using Asset Import Pipeline V2.
Refreshing native plugins compatible for Editor in 161.27 ms, found 1 plugins.
Preloading 0 native plugins for Editor in 0.00 ms.
Initialize engine version: 2020.3.6f1 (338bb68529b2)
[Subsystems] Discovering subsystems at path C:/Program Files/Unity/Hub/Editor/2020.3.6f1/Editor/Data/Resources/UnitySubsystems
[Subsystems] Discovering subsystems at path C:/Users/Tomas/Desktop/Repository/UNITY-UI-DEMO/UNITY-UI-DEMO/Assets
GfxDevice: creating device client; threaded=0
Direct3D:
    Version:  Direct3D 11.0 [level 11.1]
    Renderer: Intel(R) HD Graphics Family (ID=0xa16)
    Vendor:   
    VRAM:     2048 MB
    Driver:   20.19.15.4531
Initialize mono
Mono path[0] = 'C:/Program Files/Unity/Hub/Editor/2020.3.6f1/Editor/Data/Managed'
Mono path[1] = 'C:/Program Files/Unity/Hub/Editor/2020.3.6f1/Editor/Data/MonoBleedingEdge/lib/mono/unityjit'
Mono config path = 'C:/Program Files/Unity/Hub/Editor/2020.3.6f1/Editor/Data/MonoBleedingEdge/etc'
Using monoOptions --debugger-agent=transport=dt_socket,embedding=1,server=y,suspend=n,address=127.0.0.1:56472
Begin MonoManager ReloadAssembly
Registering precompiled unity dll's ...
Register platform support module: C:/Program Files/Unity/Hub/Editor/2020.3.6f1/Editor/Data/PlaybackEngines/WindowsStandaloneSupport/UnityEditor.WindowsStandalone.Extensions.dll
Registered in 0.009126 seconds.
Native extension for WindowsStandalone target not found
Refreshing native plugins compatible for Editor in 150.61 ms, found 1 plugins.
Preloading 0 native plugins for Editor in 0.00 ms.
Mono: successfully reloaded assembly
- Completed reload, in  6.276 seconds
Platform modules already initialized, skipping
Registering precompiled user dll's ...
Registered in 0.009242 seconds.
Begin MonoManager ReloadAssembly
Native extension for WindowsStandalone target not found
Refreshing native plugins compatible for Editor in 150.39 ms, found 1 plugins.
Preloading 0 native plugins for Editor in 0.00 ms.
Mono: successfully reloaded assembly
- Completed reload, in  3.737 seconds
Platform modules already initialized, skipping
========================================================================
Worker process is ready to serve import requests
Launched and connected shader compiler UnityShaderCompiler.exe after 0.21 seconds
Refreshing native plugins compatible for Editor in 1.55 ms, found 1 plugins.
Preloading 0 native plugins for Editor in 0.00 ms.
Unloading 2742 Unused Serialized files (Serialized files now loaded: 0)
System memory in use before: 113.1 MB.
System memory in use after: 113.3 MB.

Unloading 28 unused Assets to reduce memory usage. Loaded Objects now: 3184.
Total: 6.931700 ms (FindLiveObjects: 0.824600 ms CreateObjectMapping: 0.368800 ms MarkObjects: 5.580500 ms  DeleteObjects: 0.155200 ms)

========================================================================
Received Import Request.
  path: Assets/SCRIPTS/SCENE/scene_signin.cs
  artifactKey: Guid(31da1042436115647bc8bc634f95b202) Importer(815301076,1909f56bfc062723c751e8b465ee728b)
Start importing Assets/SCRIPTS/SCENE/scene_signin.cs using Guid(31da1042436115647bc8bc634f95b202) Importer(815301076,1909f56bfc062723c751e8b465ee728b)  -> (artifact id: '2f777ca7ba802db1b0073dd2fe6d5772') in 0.085639 seconds
  Import took 0.150512 seconds .

========================================================================
Received Import Request.
  Time since last request: 779.684037 seconds.
  path: Assets/FIREBASE
  artifactKey: Guid(1f6526fe2f22c6e408db7ef28e647d8f) Importer(815301076,1909f56bfc062723c751e8b465ee728b)
Start importing Assets/FIREBASE using Guid(1f6526fe2f22c6e408db7ef28e647d8f) Importer(815301076,1909f56bfc062723c751e8b465ee728b)  -> (artifact id: '975b1d887f1fe677d98b6c02f66f9109') in 0.054863 seconds
  Import took 0.080175 seconds .

========================================================================
Received Import Request.
  Time since last request: 0.355635 seconds.
  path: Assets/FIREBASE
  artifactKey: Guid(1f6526fe2f22c6e408db7ef28e647d8f) Importer(815301076,1909f56bfc062723c751e8b465ee728b)
Start importing Assets/FIREBASE using Guid(1f6526fe2f22c6e408db7ef28e647d8f) Importer(815301076,1909f56bfc062723c751e8b465ee728b)  -> (artifact id: '975b1d887f1fe677d98b6c02f66f9109') in 0.014625 seconds
  Import took 0.034575 seconds .

========================================================================
Received Prepare
Registering precompiled user dll's ...
Registered in 0.034108 seconds.
Begin MonoManager ReloadAssembly
Native extension for WindowsStandalone target not found
Refreshing native plugins compatible for Editor in 1.65 ms, found 3 plugins.
Preloading 0 native plugins for Editor in 0.00 ms.
Mono: successfully reloaded assembly
- Completed reload, in 44.492 seconds
Platform modules already initialized, skipping
Refreshing native plugins compatible for Editor in 1.54 ms, found 3 plugins.
Preloading 0 native plugins for Editor in 0.00 ms.
Unloading 2729 Unused Serialized files (Serialized files now loaded: 0)
System memory in use before: 113.0 MB.
System memory in use after: 113.2 MB.

Unloading 37 unused Assets to reduce memory usage. Loaded Objects now: 3199.
Total: 9.727100 ms (FindLiveObjects: 1.510100 ms CreateObjectMapping: 1.875000 ms MarkObjects: 6.250300 ms  DeleteObjects: 0.087900 ms)

========================================================================
Received Prepare
Registering precompiled user dll's ...
Registered in 0.034654 seconds.
Begin MonoManager ReloadAssembly
Native extension for WindowsStandalone target not found
Refreshing native plugins compatible for Editor in 0.96 ms, found 3 plugins.
Preloading 0 native plugins for Editor in 0.00 ms.
Mono: successfully reloaded assembly
- Completed reload, in  3.365 seconds
Platform modules already initialized, skipping
Refreshing native plugins compatible for Editor in 1.67 ms, found 3 plugins.
Preloading 0 native plugins for Editor in 0.00 ms.
Unloading 2729 Unused Serialized files (Serialized files now loaded: 0)
System memory in use before: 113.0 MB.
System memory in use after: 113.3 MB.

Unloading 37 unused Assets to reduce memory usage. Loaded Objects now: 3202.
Total: 3.500000 ms (FindLiveObjects: 0.321900 ms CreateObjectMapping: 0.197900 ms MarkObjects: 2.935300 ms  DeleteObjects: 0.042400 ms)

========================================================================
Received Prepare
Registering precompiled user dll's ...
Registered in 0.056899 seconds.
Begin MonoManager ReloadAssembly
Native extension for WindowsStandalone target not found
Refreshing native plugins compatible for Editor in 1.66 ms, found 3 plugins.
Preloading 0 native plugins for Editor in 0.00 ms.
Mono: successfully reloaded assembly
- Completed reload, in  4.031 seconds
Platform modules already initialized, skipping
Refreshing native plugins compatible for Editor in 1.62 ms, found 3 plugins.
Preloading 0 native plugins for Editor in 0.00 ms.
Unloading 2729 Unused Serialized files (Serialized files now loaded: 0)
System memory in use before: 113.2 MB.
System memory in use after: 113.4 MB.

Unloading 37 unused Assets to reduce memory usage. Loaded Objects now: 3205.
Total: 3.629400 ms (FindLiveObjects: 0.304100 ms CreateObjectMapping: 0.160900 ms MarkObjects: 3.121300 ms  DeleteObjects: 0.040700 ms)

========================================================================
Received Prepare
Registering precompiled user dll's ...
Registered in 0.022551 seconds.
Begin MonoManager ReloadAssembly
Native extension for WindowsStandalone target not found
Refreshing native plugins compatible for Editor in 1.52 ms, found 3 plugins.
Preloading 0 native plugins for Editor in 0.00 ms.
Mono: successfully reloaded assembly
- Completed reload, in  2.326 seconds
Platform modules already initialized, skipping
Refreshing native plugins compatible for Editor in 1.54 ms, found 3 plugins.
Preloading 0 native plugins for Editor in 0.00 ms.
Unloading 2729 Unused Serialized files (Serialized files now loaded: 0)
System memory in use before: 113.3 MB.
System memory in use after: 113.5 MB.

Unloading 37 unused Assets to reduce memory usage. Loaded Objects now: 3208.
Total: 3.327200 ms (FindLiveObjects: 0.411400 ms CreateObjectMapping: 0.162800 ms MarkObjects: 2.707700 ms  DeleteObjects: 0.043800 ms)

========================================================================
Received Prepare
Registering precompiled user dll's ...
Registered in 0.022283 seconds.
Begin MonoManager ReloadAssembly
Native extension for WindowsStandalone target not found
Refreshing native plugins compatible for Editor in 0.94 ms, found 3 plugins.
Preloading 0 native plugins for Editor in 0.00 ms.
Mono: successfully reloaded assembly
- Completed reload, in  2.614 seconds
Platform modules already initialized, skipping
Refreshing native plugins compatible for Editor in 1.89 ms, found 3 plugins.
Preloading 0 native plugins for Editor in 0.00 ms.
Unloading 2729 Unused Serialized files (Serialized files now loaded: 0)
System memory in use before: 113.2 MB.
System memory in use after: 113.4 MB.

Unloading 37 unused Assets to reduce memory usage. Loaded Objects now: 3211.
Total: 3.556000 ms (FindLiveObjects: 0.327900 ms CreateObjectMapping: 0.185600 ms MarkObjects: 3.000300 ms  DeleteObjects: 0.040700 ms)

========================================================================
Received Prepare
Registering precompiled user dll's ...
Registered in 0.034673 seconds.
Begin MonoManager ReloadAssembly
Native extension for WindowsStandalone target not found
Refreshing native plugins compatible for Editor in 1.08 ms, found 3 plugins.
Preloading 0 native plugins for Editor in 0.00 ms.
Mono: successfully reloaded assembly
- Completed reload, in  1.943 seconds
Platform modules already initialized, skipping
Refreshing native plugins compatible for Editor in 1.47 ms, found 3 plugins.
Preloading 0 native plugins for Editor in 0.00 ms.
Unloading 2729 Unused Serialized files (Serialized files now loaded: 0)
System memory in use before: 113.3 MB.
System memory in use after: 113.5 MB.

Unloading 37 unused Assets to reduce memory usage. Loaded Objects now: 3214.
Total: 3.703900 ms (FindLiveObjects: 0.310900 ms CreateObjectMapping: 0.169300 ms MarkObjects: 3.182600 ms  DeleteObjects: 0.038400 ms)

========================================================================
Received Prepare
Registering precompiled user dll's ...
Registered in 0.019811 seconds.
Begin MonoManager ReloadAssembly
Native extension for WindowsStandalone target not found
Refreshing native plugins compatible for Editor in 0.89 ms, found 3 plugins.
Preloading 0 native plugins for Editor in 0.00 ms.
Mono: successfully reloaded assembly
- Completed reload, in  2.424 seconds
Platform modules already initialized, skipping
Refreshing native plugins compatible for Editor in 2.01 ms, found 3 plugins.
Preloading 0 native plugins for Editor in 0.00 ms.
Unloading 2729 Unused Serialized files (Serialized files now loaded: 0)
System memory in use before: 113.3 MB.
System memory in use after: 113.5 MB.

Unloading 37 unused Assets to reduce memory usage. Loaded Objects now: 3217.
Total: 5.269200 ms (FindLiveObjects: 0.302700 ms CreateObjectMapping: 0.170100 ms MarkObjects: 4.746300 ms  DeleteObjects: 0.048100 ms)

========================================================================
Received Prepare
Registering precompiled user dll's ...
Registered in 0.027445 seconds.
Begin MonoManager ReloadAssembly
Native extension for WindowsStandalone target not found
Refreshing native plugins compatible for Editor in 1.07 ms, found 3 plugins.
Preloading 0 native plugins for Editor in 0.00 ms.
Mono: successfully reloaded assembly
- Completed reload, in  3.342 seconds
Platform modules already initialized, skipping
Refreshing native plugins compatible for Editor in 2.04 ms, found 3 plugins.
Preloading 0 native plugins for Editor in 0.00 ms.
Unloading 2729 Unused Serialized files (Serialized files now loaded: 0)
System memory in use before: 113.3 MB.
System memory in use after: 113.5 MB.

Unloading 37 unused Assets to reduce memory usage. Loaded Objects now: 3220.
Total: 5.161600 ms (FindLiveObjects: 0.513800 ms CreateObjectMapping: 0.284100 ms MarkObjects: 4.316900 ms  DeleteObjects: 0.044100 ms)

========================================================================
Received Prepare
Registering precompiled user dll's ...
Registered in 0.021772 seconds.
Begin MonoManager ReloadAssembly
Native extension for WindowsStandalone target not found
Refreshing native plugins compatible for Editor in 2.92 ms, found 3 plugins.
Preloading 0 native plugins for Editor in 0.00 ms.
Mono: successfully reloaded assembly
- Completed reload, in  2.331 seconds
Platform modules already initialized, skipping
Refreshing native plugins compatible for Editor in 2.64 ms, found 3 plugins.
Preloading 0 native plugins for Editor in 0.00 ms.
Unloading 2729 Unused Serialized files (Serialized files now loaded: 0)
System memory in use before: 113.3 MB.
System memory in use after: 113.5 MB.

Unloading 37 unused Assets to reduce memory usage. Loaded Objects now: 3223.
Total: 5.036000 ms (FindLiveObjects: 0.345000 ms CreateObjectMapping: 0.454900 ms MarkObjects: 4.190800 ms  DeleteObjects: 0.043700 ms)

========================================================================
Received Prepare
Registering precompiled user dll's ...
Registered in 0.015756 seconds.
Begin MonoManager ReloadAssembly
Native extension for WindowsStandalone target not found
Refreshing native plugins compatible for Editor in 0.82 ms, found 3 plugins.
Preloading 0 native plugins for Editor in 0.00 ms.
Mono: successfully reloaded assembly
- Completed reload, in  2.223 seconds
Platform modules already initialized, skipping
Refreshing native plugins compatible for Editor in 1.88 ms, found 3 plugins.
Preloading 0 native plugins for Editor in 0.00 ms.
Unloading 2729 Unused Serialized files (Serialized files now loaded: 0)
System memory in use before: 113.2 MB.
System memory in use after: 113.4 MB.

Unloading 37 unused Assets to reduce memory usage. Loaded Objects now: 3226.
Total: 4.012500 ms (FindLiveObjects: 0.540900 ms CreateObjectMapping: 0.224500 ms MarkObjects: 3.200900 ms  DeleteObjects: 0.044200 ms)

========================================================================
Received Prepare
Registering precompiled user dll's ...
Registered in 0.149175 seconds.
Begin MonoManager ReloadAssembly
Native extension for WindowsStandalone target not found
Refreshing native plugins compatible for Editor in 1.60 ms, found 3 plugins.
Preloading 0 native plugins for Editor in 0.00 ms.
Mono: successfully reloaded assembly
- Completed reload, in  7.178 seconds
Platform modules already initialized, skipping
Refreshing native plugins compatible for Editor in 4.39 ms, found 3 plugins.
Preloading 0 native plugins for Editor in 0.00 ms.
Unloading 2729 Unused Serialized files (Serialized files now loaded: 0)
System memory in use before: 113.3 MB.
System memory in use after: 113.5 MB.

Unloading 37 unused Assets to reduce memory usage. Loaded Objects now: 3229.
Total: 3.862800 ms (FindLiveObjects: 0.310200 ms CreateObjectMapping: 0.168000 ms MarkObjects: 3.345500 ms  DeleteObjects: 0.037200 ms)

========================================================================
Received Prepare
Registering precompiled user dll's ...
Registered in 0.063410 seconds.
Begin MonoManager ReloadAssembly
Native extension for WindowsStandalone target not found
Refreshing native plugins compatible for Editor in 0.90 ms, found 3 plugins.
Preloading 0 native plugins for Editor in 0.00 ms.
Mono: successfully reloaded assembly
- Completed reload, in  2.428 seconds
Platform modules already initialized, skipping
Refreshing native plugins compatible for Editor in 1.86 ms, found 3 plugins.
Preloading 0 native plugins for Editor in 0.00 ms.
Unloading 2729 Unused Serialized files (Serialized files now loaded: 0)
System memory in use before: 113.3 MB.
System memory in use after: 113.6 MB.

Unloading 37 unused Assets to reduce memory usage. Loaded Objects now: 3232.
Total: 4.855200 ms (FindLiveObjects: 0.394300 ms CreateObjectMapping: 0.252300 ms MarkObjects: 4.159100 ms  DeleteObjects: 0.047400 ms)

========================================================================
Received Prepare
Registering precompiled user dll's ...
Registered in 0.073598 seconds.
Begin MonoManager ReloadAssembly
Native extension for WindowsStandalone target not found
Refreshing native plugins compatible for Editor in 0.85 ms, found 3 plugins.
Preloading 0 native plugins for Editor in 0.00 ms.
Mono: successfully reloaded assembly
- Completed reload, in  2.182 seconds
Platform modules already initialized, skipping
Refreshing native plugins compatible for Editor in 1.68 ms, found 3 plugins.
Preloading 0 native plugins for Editor in 0.00 ms.
Unloading 2729 Unused Serialized files (Serialized files now loaded: 0)
System memory in use before: 113.3 MB.
System memory in use after: 113.6 MB.

Unloading 37 unused Assets to reduce memory usage. Loaded Objects now: 3235.
Total: 3.791200 ms (FindLiveObjects: 0.507700 ms CreateObjectMapping: 0.201400 ms MarkObjects: 3.040500 ms  DeleteObjects: 0.039400 ms)

========================================================================
Received Prepare
Registering precompiled user dll's ...
Registered in 0.016710 seconds.
Begin MonoManager ReloadAssembly
Native extension for WindowsStandalone target not found
Refreshing native plugins compatible for Editor in 0.86 ms, found 3 plugins.
Preloading 0 native plugins for Editor in 0.00 ms.
Mono: successfully reloaded assembly
- Completed reload, in  2.698 seconds
Platform modules already initialized, skipping
Refreshing native plugins compatible for Editor in 1.59 ms, found 3 plugins.
Preloading 0 native plugins for Editor in 0.00 ms.
Unloading 2729 Unused Serialized files (Serialized files now loaded: 0)
System memory in use before: 113.4 MB.
System memory in use after: 113.7 MB.

Unloading 37 unused Assets to reduce memory usage. Loaded Objects now: 3238.
Total: 3.681100 ms (FindLiveObjects: 0.333100 ms CreateObjectMapping: 0.187500 ms MarkObjects: 3.118700 ms  DeleteObjects: 0.040200 ms)

========================================================================
Received Prepare
Registering precompiled user dll's ...
Registered in 0.040170 seconds.
Begin MonoManager ReloadAssembly
Native extension for WindowsStandalone target not found
Refreshing native plugins compatible for Editor in 0.95 ms, found 3 plugins.
Preloading 0 native plugins for Editor in 0.00 ms.
Mono: successfully reloaded assembly
- Completed reload, in  2.750 seconds
Platform modules already initialized, skipping
Refreshing native plugins compatible for Editor in 1.83 ms, found 3 plugins.
Preloading 0 native plugins for Editor in 0.00 ms.
Unloading 2729 Unused Serialized files (Serialized files now loaded: 0)
System memory in use before: 113.3 MB.
System memory in use after: 113.6 MB.

Unloading 37 unused Assets to reduce memory usage. Loaded Objects now: 3241.
Total: 3.445200 ms (FindLiveObjects: 0.431800 ms CreateObjectMapping: 0.195900 ms MarkObjects: 2.778500 ms  DeleteObjects: 0.036900 ms)

========================================================================
Received Prepare
Registering precompiled user dll's ...
Registered in 0.407160 seconds.
Begin MonoManager ReloadAssembly
Native extension for WindowsStandalone target not found
Refreshing native plugins compatible for Editor in 0.97 ms, found 3 plugins.
Preloading 0 native plugins for Editor in 0.00 ms.
Mono: successfully reloaded assembly
- Completed reload, in  1.989 seconds
Platform modules already initialized, skipping
Refreshing native plugins compatible for Editor in 1.46 ms, found 3 plugins.
Preloading 0 native plugins for Editor in 0.00 ms.
Unloading 2729 Unused Serialized files (Serialized files now loaded: 0)
System memory in use before: 113.5 MB.
System memory in use after: 113.7 MB.

Unloading 37 unused Assets to reduce memory usage. Loaded Objects now: 3244.
Total: 4.201000 ms (FindLiveObjects: 0.488500 ms CreateObjectMapping: 0.191300 ms MarkObjects: 3.472500 ms  DeleteObjects: 0.046700 ms)

========================================================================
Received Prepare
Registering precompiled user dll's ...
Registered in 0.018632 seconds.
Begin MonoManager ReloadAssembly
Native extension for WindowsStandalone target not found
Refreshing native plugins compatible for Editor in 0.89 ms, found 3 plugins.
Preloading 0 native plugins for Editor in 0.00 ms.
Mono: successfully reloaded assembly
- Completed reload, in  3.010 seconds
Platform modules already initialized, skipping
Refreshing native plugins compatible for Editor in 1.65 ms, found 3 plugins.
Preloading 0 native plugins for Editor in 0.00 ms.
Unloading 2729 Unused Serialized files (Serialized files now loaded: 0)
System memory in use before: 113.5 MB.
System memory in use after: 113.7 MB.

Unloading 37 unused Assets to reduce memory usage. Loaded Objects now: 3247.
Total: 3.727800 ms (FindLiveObjects: 0.317200 ms CreateObjectMapping: 0.167900 ms MarkObjects: 3.204400 ms  DeleteObjects: 0.036400 ms)

========================================================================
Received Prepare
Registering precompiled user dll's ...
Registered in 0.033972 seconds.
Begin MonoManager ReloadAssembly
Native extension for WindowsStandalone target not found
Refreshing native plugins compatible for Editor in 1.59 ms, found 3 plugins.
Preloading 0 native plugins for Editor in 0.00 ms.
Mono: successfully reloaded assembly
- Completed reload, in  3.379 seconds
Platform modules already initialized, skipping
Refreshing native plugins compatible for Editor in 2.33 ms, found 3 plugins.
Preloading 0 native plugins for Editor in 0.00 ms.
Unloading 2729 Unused Serialized files (Serialized files now loaded: 0)
System memory in use before: 113.5 MB.
System memory in use after: 113.7 MB.

Unloading 37 unused Assets to reduce memory usage. Loaded Objects now: 3250.
Total: 4.239200 ms (FindLiveObjects: 0.331300 ms CreateObjectMapping: 0.204400 ms MarkObjects: 3.656700 ms  DeleteObjects: 0.044900 ms)

========================================================================
Received Prepare
Registering precompiled user dll's ...
Registered in 0.025441 seconds.
Begin MonoManager ReloadAssembly
Native extension for WindowsStandalone target not found
Refreshing native plugins compatible for Editor in 0.90 ms, found 3 plugins.
Preloading 0 native plugins for Editor in 0.00 ms.
Mono: successfully reloaded assembly
- Completed reload, in  2.397 seconds
Platform modules already initialized, skipping
Refreshing native plugins compatible for Editor in 1.56 ms, found 3 plugins.
Preloading 0 native plugins for Editor in 0.00 ms.
Unloading 2729 Unused Serialized files (Serialized files now loaded: 0)
System memory in use before: 113.5 MB.
System memory in use after: 113.7 MB.

Unloading 37 unused Assets to reduce memory usage. Loaded Objects now: 3253.
Total: 3.668500 ms (FindLiveObjects: 0.300600 ms CreateObjectMapping: 0.168500 ms MarkObjects: 3.153300 ms  DeleteObjects: 0.043900 ms)

========================================================================
Received Prepare
Registering precompiled user dll's ...
Registered in 0.030598 seconds.
Begin MonoManager ReloadAssembly
Native extension for WindowsStandalone target not found
Refreshing native plugins compatible for Editor in 1.03 ms, found 3 plugins.
Preloading 0 native plugins for Editor in 0.00 ms.
Mono: successfully reloaded assembly
- Completed reload, in  2.482 seconds
Platform modules already initialized, skipping
Refreshing native plugins compatible for Editor in 1.71 ms, found 3 plugins.
Preloading 0 native plugins for Editor in 0.00 ms.
Unloading 2729 Unused Serialized files (Serialized files now loaded: 0)
System memory in use before: 113.4 MB.
System memory in use after: 113.6 MB.

Unloading 37 unused Assets to reduce memory usage. Loaded Objects now: 3256.
Total: 3.370200 ms (FindLiveObjects: 0.319100 ms CreateObjectMapping: 0.171000 ms MarkObjects: 2.840800 ms  DeleteObjects: 0.037900 ms)

========================================================================
Received Prepare
Registering precompiled user dll's ...
Registered in 0.022093 seconds.
Begin MonoManager ReloadAssembly
Native extension for WindowsStandalone target not found
Refreshing native plugins compatible for Editor in 0.92 ms, found 3 plugins.
Preloading 0 native plugins for Editor in 0.00 ms.
Mono: successfully reloaded assembly
- Completed reload, in  1.927 seconds
Platform modules already initialized, skipping
Refreshing native plugins compatible for Editor in 1.48 ms, found 3 plugins.
Preloading 0 native plugins for Editor in 0.00 ms.
Unloading 2729 Unused Serialized files (Serialized files now loaded: 0)
System memory in use before: 113.5 MB.
System memory in use after: 113.7 MB.

Unloading 37 unused Assets to reduce memory usage. Loaded Objects now: 3259.
Total: 3.397600 ms (FindLiveObjects: 0.308900 ms CreateObjectMapping: 0.163900 ms MarkObjects: 2.886300 ms  DeleteObjects: 0.037200 ms)

========================================================================
Received Prepare
Registering precompiled user dll's ...
Registered in 0.023339 seconds.
Begin MonoManager ReloadAssembly
Native extension for WindowsStandalone target not found
Refreshing native plugins compatible for Editor in 0.91 ms, found 3 plugins.
Preloading 0 native plugins for Editor in 0.00 ms.
Mono: successfully reloaded assembly
- Completed reload, in  2.035 seconds
Platform modules already initialized, skipping
Refreshing native plugins compatible for Editor in 1.64 ms, found 3 plugins.
Preloading 0 native plugins for Editor in 0.00 ms.
Unloading 2729 Unused Serialized files (Serialized files now loaded: 0)
System memory in use before: 113.5 MB.
System memory in use after: 113.7 MB.

Unloading 37 unused Assets to reduce memory usage. Loaded Objects now: 3262.
Total: 8.672400 ms (FindLiveObjects: 0.849100 ms CreateObjectMapping: 0.486600 ms MarkObjects: 7.245800 ms  DeleteObjects: 0.086200 ms)

========================================================================
Received Import Request.
  Time since last request: 5135.120551 seconds.
  path: Assets/FIREBASE/Plugins
  artifactKey: Guid(5388b828307049a4fa43bf3cc832ea56) Importer(815301076,1909f56bfc062723c751e8b465ee728b)
Start importing Assets/FIREBASE/Plugins using Guid(5388b828307049a4fa43bf3cc832ea56) Importer(815301076,1909f56bfc062723c751e8b465ee728b)  -> (artifact id: '110fad44a77cd26a5b8718c57b402dc4') in 0.047497 seconds
  Import took 0.063960 seconds .

========================================================================
Received Import Request.
  Time since last request: 0.381642 seconds.
  path: Assets/FIREBASE/Plugins
  artifactKey: Guid(5388b828307049a4fa43bf3cc832ea56) Importer(815301076,1909f56bfc062723c751e8b465ee728b)
Start importing Assets/FIREBASE/Plugins using Guid(5388b828307049a4fa43bf3cc832ea56) Importer(815301076,1909f56bfc062723c751e8b465ee728b)  -> (artifact id: '110fad44a77cd26a5b8718c57b402dc4') in 0.013473 seconds
  Import took 0.025402 seconds .

========================================================================
Received Prepare
Registering precompiled user dll's ...
Registered in 0.032586 seconds.
Begin MonoManager ReloadAssembly
Native extension for WindowsStandalone target not found
Refreshing native plugins compatible for Editor in 0.92 ms, found 3 plugins.
Preloading 0 native plugins for Editor in 0.00 ms.
Mono: successfully reloaded assembly
- Completed reload, in  2.823 seconds
Platform modules already initialized, skipping
Refreshing native plugins compatible for Editor in 1.57 ms, found 3 plugins.
Preloading 0 native plugins for Editor in 0.00 ms.
Unloading 2729 Unused Serialized files (Serialized files now loaded: 0)
System memory in use before: 113.5 MB.
System memory in use after: 113.7 MB.

Unloading 37 unused Assets to reduce memory usage. Loaded Objects now: 3265.
Total: 44.817200 ms (FindLiveObjects: 0.693200 ms CreateObjectMapping: 0.373800 ms MarkObjects: 43.693800 ms  DeleteObjects: 0.054000 ms)

========================================================================
Received Prepare
Registering precompiled user dll's ...
Registered in 0.029315 seconds.
Begin MonoManager ReloadAssembly
Native extension for WindowsStandalone target not found
Refreshing native plugins compatible for Editor in 0.99 ms, found 3 plugins.
Preloading 0 native plugins for Editor in 0.00 ms.
Mono: successfully reloaded assembly
- Completed reload, in  2.179 seconds
Platform modules already initialized, skipping
Refreshing native plugins compatible for Editor in 1.77 ms, found 3 plugins.
Preloading 0 native plugins for Editor in 0.00 ms.
Unloading 2729 Unused Serialized files (Serialized files now loaded: 0)
System memory in use before: 113.5 MB.
System memory in use after: 113.7 MB.

Unloading 37 unused Assets to reduce memory usage. Loaded Objects now: 3268.
Total: 4.129400 ms (FindLiveObjects: 0.944400 ms CreateObjectMapping: 0.302300 ms MarkObjects: 2.842900 ms  DeleteObjects: 0.037400 ms)

========================================================================
Received Prepare
Registering precompiled user dll's ...
Registered in 0.021430 seconds.
Begin MonoManager ReloadAssembly
Native extension for WindowsStandalone target not found
Refreshing native plugins compatible for Editor in 0.88 ms, found 3 plugins.
Preloading 0 native plugins for Editor in 0.00 ms.
Mono: successfully reloaded assembly
- Completed reload, in  2.903 seconds
Platform modules already initialized, skipping
Refreshing native plugins compatible for Editor in 1.67 ms, found 3 plugins.
Preloading 0 native plugins for Editor in 0.00 ms.
Unloading 2729 Unused Serialized files (Serialized files now loaded: 0)
System memory in use before: 113.4 MB.
System memory in use after: 113.7 MB.

Unloading 37 unused Assets to reduce memory usage. Loaded Objects now: 3271.
Total: 4.001000 ms (FindLiveObjects: 0.719700 ms CreateObjectMapping: 0.353500 ms MarkObjects: 2.883700 ms  DeleteObjects: 0.042100 ms)

========================================================================
Received Prepare
Registering precompiled user dll's ...
Registered in 0.022286 seconds.
Begin MonoManager ReloadAssembly
Native extension for WindowsStandalone target not found
Refreshing native plugins compatible for Editor in 0.84 ms, found 3 plugins.
Preloading 0 native plugins for Editor in 0.00 ms.
Mono: successfully reloaded assembly
- Completed reload, in  2.160 seconds
Platform modules already initialized, skipping
Refreshing native plugins compatible for Editor in 1.80 ms, found 3 plugins.
Preloading 0 native plugins for Editor in 0.00 ms.
Unloading 2729 Unused Serialized files (Serialized files now loaded: 0)
System memory in use before: 113.5 MB.
System memory in use after: 113.8 MB.

Unloading 37 unused Assets to reduce memory usage. Loaded Objects now: 3274.
Total: 3.559500 ms (FindLiveObjects: 0.334400 ms CreateObjectMapping: 0.228200 ms MarkObjects: 2.958800 ms  DeleteObjects: 0.036100 ms)

========================================================================
Received Prepare
Registering precompiled user dll's ...
Registered in 0.030229 seconds.
Begin MonoManager ReloadAssembly
Native extension for WindowsStandalone target not found
Refreshing native plugins compatible for Editor in 0.83 ms, found 3 plugins.
Preloading 0 native plugins for Editor in 0.00 ms.
Mono: successfully reloaded assembly
- Completed reload, in  2.330 seconds
Platform modules already initialized, skipping
Refreshing native plugins compatible for Editor in 1.67 ms, found 3 plugins.
Preloading 0 native plugins for Editor in 0.00 ms.
Unloading 2729 Unused Serialized files (Serialized files now loaded: 0)
System memory in use before: 113.6 MB.
System memory in use after: 113.8 MB.

Unloading 37 unused Assets to reduce memory usage. Loaded Objects now: 3277.
Total: 4.196800 ms (FindLiveObjects: 0.584900 ms CreateObjectMapping: 0.309800 ms MarkObjects: 3.257200 ms  DeleteObjects: 0.042400 ms)

========================================================================
Received Prepare
Registering precompiled user dll's ...
Registered in 0.028410 seconds.
Begin MonoManager ReloadAssembly
Native extension for WindowsStandalone target not found
Refreshing native plugins compatible for Editor in 0.84 ms, found 3 plugins.
Preloading 0 native plugins for Editor in 0.00 ms.
Mono: successfully reloaded assembly
- Completed reload, in  2.595 seconds
Platform modules already initialized, skipping
Refreshing native plugins compatible for Editor in 4.47 ms, found 3 plugins.
Preloading 0 native plugins for Editor in 0.00 ms.
Unloading 2729 Unused Serialized files (Serialized files now loaded: 0)
System memory in use before: 113.6 MB.
System memory in use after: 113.8 MB.

Unloading 37 unused Assets to reduce memory usage. Loaded Objects now: 3280.
Total: 7.690800 ms (FindLiveObjects: 0.411800 ms CreateObjectMapping: 0.589400 ms MarkObjects: 6.629200 ms  DeleteObjects: 0.058400 ms)

========================================================================
Received Import Request.
  Time since last request: 982.627489 seconds.
  path: Assets/SCRIPTS/CasillaVerificacion.cs
  artifactKey: Guid(71923b42111698c4d97aeb94e2e5a6be) Importer(815301076,1909f56bfc062723c751e8b465ee728b)
Start importing Assets/SCRIPTS/CasillaVerificacion.cs using Guid(71923b42111698c4d97aeb94e2e5a6be) Importer(815301076,1909f56bfc062723c751e8b465ee728b)  -> (artifact id: 'ccf2aa60a5aa19eb4c6a3ed5467474cc') in 0.058428 seconds
  Import took 0.069086 seconds .

========================================================================
Received Import Request.
  Time since last request: 33.644568 seconds.
  path: Assets/SCRIPTS/CONTROLLER
  artifactKey: Guid(43d5ab85154a6144e96af309bc91a829) Importer(815301076,1909f56bfc062723c751e8b465ee728b)
Start importing Assets/SCRIPTS/CONTROLLER using Guid(43d5ab85154a6144e96af309bc91a829) Importer(815301076,1909f56bfc062723c751e8b465ee728b)  -> (artifact id: '2157eccff7536bf4907f036d27d69816') in 0.017197 seconds
  Import took 0.028524 seconds .

========================================================================
Received Import Request.
  Time since last request: 17.362464 seconds.
  path: Assets/SCRIPTS/CONTROLLER/FirebaseAuth.cs
  artifactKey: Guid(2e4a7461a90641f41b62a1f2baaa1039) Importer(815301076,1909f56bfc062723c751e8b465ee728b)
Start importing Assets/SCRIPTS/CONTROLLER/FirebaseAuth.cs using Guid(2e4a7461a90641f41b62a1f2baaa1039) Importer(815301076,1909f56bfc062723c751e8b465ee728b)  -> (artifact id: 'e7deee169e85a58dc5a2e445a059c062') in 0.018698 seconds
  Import took 0.028627 seconds .

========================================================================
Received Import Request.
  Time since last request: 0.003190 seconds.
  path: Assets/SCRIPTS/CONTROLLER/FirebaseAuth.cs
  artifactKey: Guid(2e4a7461a90641f41b62a1f2baaa1039) Importer(815301076,1909f56bfc062723c751e8b465ee728b)
Start importing Assets/SCRIPTS/CONTROLLER/FirebaseAuth.cs using Guid(2e4a7461a90641f41b62a1f2baaa1039) Importer(815301076,1909f56bfc062723c751e8b465ee728b)  -> (artifact id: 'e7deee169e85a58dc5a2e445a059c062') in 0.007531 seconds
  Import took 0.020716 seconds .

========================================================================
Received Prepare
Registering precompiled user dll's ...
Registered in 0.030740 seconds.
Begin MonoManager ReloadAssembly
Native extension for WindowsStandalone target not found
Refreshing native plugins compatible for Editor in 0.88 ms, found 3 plugins.
Preloading 0 native plugins for Editor in 0.00 ms.
Mono: successfully reloaded assembly
- Completed reload, in  2.118 seconds
Platform modules already initialized, skipping
Refreshing native plugins compatible for Editor in 2.12 ms, found 3 plugins.
Preloading 0 native plugins for Editor in 0.00 ms.
Unloading 2730 Unused Serialized files (Serialized files now loaded: 0)
System memory in use before: 113.6 MB.
System memory in use after: 113.8 MB.

Unloading 37 unused Assets to reduce memory usage. Loaded Objects now: 3284.
Total: 3.879000 ms (FindLiveObjects: 0.316800 ms CreateObjectMapping: 0.162300 ms MarkObjects: 3.361700 ms  DeleteObjects: 0.036600 ms)

========================================================================
Received Prepare
Registering precompiled user dll's ...
Registered in 0.022350 seconds.
Begin MonoManager ReloadAssembly
Native extension for WindowsStandalone target not found
Refreshing native plugins compatible for Editor in 1.06 ms, found 3 plugins.
Preloading 0 native plugins for Editor in 0.00 ms.
Mono: successfully reloaded assembly
- Completed reload, in  2.167 seconds
Platform modules already initialized, skipping
Refreshing native plugins compatible for Editor in 1.97 ms, found 3 plugins.
Preloading 0 native plugins for Editor in 0.00 ms.
Unloading 2729 Unused Serialized files (Serialized files now loaded: 0)
System memory in use before: 113.5 MB.
System memory in use after: 113.7 MB.

Unloading 37 unused Assets to reduce memory usage. Loaded Objects now: 3287.
Total: 4.612100 ms (FindLiveObjects: 0.559500 ms CreateObjectMapping: 0.310400 ms MarkObjects: 3.704000 ms  DeleteObjects: 0.036400 ms)

========================================================================
Received Import Request.
  Time since last request: 40.528583 seconds.
  path: Assets/SCRIPTS/CONTROLLER/FirebaseAuthController.cs
  artifactKey: Guid(af3d35342da9bb944851880bece6c446) Importer(815301076,1909f56bfc062723c751e8b465ee728b)
Start importing Assets/SCRIPTS/CONTROLLER/FirebaseAuthController.cs using Guid(af3d35342da9bb944851880bece6c446) Importer(815301076,1909f56bfc062723c751e8b465ee728b)  -> (artifact id: '6c0ae692a8ef6c059be73e6ae094116e') in 0.020594 seconds
  Import took 0.029565 seconds .

========================================================================
Received Import Request.
  Time since last request: 0.034283 seconds.
  path: Assets/SCRIPTS/CONTROLLER/FirebaseAuthController.cs
  artifactKey: Guid(af3d35342da9bb944851880bece6c446) Importer(815301076,1909f56bfc062723c751e8b465ee728b)
Start importing Assets/SCRIPTS/CONTROLLER/FirebaseAuthController.cs using Guid(af3d35342da9bb944851880bece6c446) Importer(815301076,1909f56bfc062723c751e8b465ee728b)  -> (artifact id: '6c0ae692a8ef6c059be73e6ae094116e') in 0.015080 seconds
  Import took 0.023824 seconds .

========================================================================
Received Prepare
Registering precompiled user dll's ...
Registered in 0.214079 seconds.
Begin MonoManager ReloadAssembly
Native extension for WindowsStandalone target not found
Refreshing native plugins compatible for Editor in 0.89 ms, found 3 plugins.
Preloading 0 native plugins for Editor in 0.00 ms.
Mono: successfully reloaded assembly
- Completed reload, in  2.432 seconds
Platform modules already initialized, skipping
Refreshing native plugins compatible for Editor in 2.36 ms, found 3 plugins.
Preloading 0 native plugins for Editor in 0.00 ms.
Unloading 2730 Unused Serialized files (Serialized files now loaded: 0)
System memory in use before: 113.6 MB.
System memory in use after: 113.8 MB.

Unloading 37 unused Assets to reduce memory usage. Loaded Objects now: 3291.
Total: 3.917600 ms (FindLiveObjects: 0.480200 ms CreateObjectMapping: 0.235700 ms MarkObjects: 3.159800 ms  DeleteObjects: 0.039900 ms)

========================================================================
Received Prepare
Registering precompiled user dll's ...
Registered in 0.022795 seconds.
Begin MonoManager ReloadAssembly
Native extension for WindowsStandalone target not found
Refreshing native plugins compatible for Editor in 0.94 ms, found 3 plugins.
Preloading 0 native plugins for Editor in 0.00 ms.
Mono: successfully reloaded assembly
- Completed reload, in  2.295 seconds
Platform modules already initialized, skipping
Refreshing native plugins compatible for Editor in 1.69 ms, found 3 plugins.
Preloading 0 native plugins for Editor in 0.00 ms.
Unloading 2730 Unused Serialized files (Serialized files now loaded: 0)
System memory in use before: 113.6 MB.
System memory in use after: 113.8 MB.

Unloading 37 unused Assets to reduce memory usage. Loaded Objects now: 3294.
Total: 3.738900 ms (FindLiveObjects: 0.322400 ms CreateObjectMapping: 0.167700 ms MarkObjects: 3.212200 ms  DeleteObjects: 0.035000 ms)

========================================================================
Received Import Request.
  Time since last request: 319.358440 seconds.
  path: Assets/SCRIPTS/CONTROLLER/FirebaseAuthController.cs
  artifactKey: Guid(af3d35342da9bb944851880bece6c446) Importer(815301076,1909f56bfc062723c751e8b465ee728b)
Start importing Assets/SCRIPTS/CONTROLLER/FirebaseAuthController.cs using Guid(af3d35342da9bb944851880bece6c446) Importer(815301076,1909f56bfc062723c751e8b465ee728b)  -> (artifact id: 'd829ccdf199efffc0fa8ddcf9f93e28b') in 0.009334 seconds
  Import took 0.021954 seconds .

========================================================================
Received Prepare
Registering precompiled user dll's ...
Registered in 0.080701 seconds.
Begin MonoManager ReloadAssembly
Native extension for WindowsStandalone target not found
Refreshing native plugins compatible for Editor in 0.94 ms, found 3 plugins.
Preloading 0 native plugins for Editor in 0.00 ms.
Mono: successfully reloaded assembly
- Completed reload, in  2.013 seconds
Platform modules already initialized, skipping
Refreshing native plugins compatible for Editor in 3.44 ms, found 3 plugins.
Preloading 0 native plugins for Editor in 0.00 ms.
Unloading 2730 Unused Serialized files (Serialized files now loaded: 0)
System memory in use before: 113.6 MB.
System memory in use after: 113.9 MB.

Unloading 37 unused Assets to reduce memory usage. Loaded Objects now: 3297.
Total: 5.072000 ms (FindLiveObjects: 0.509200 ms CreateObjectMapping: 0.348400 ms MarkObjects: 4.171400 ms  DeleteObjects: 0.040500 ms)

========================================================================
Received Prepare
Registering precompiled user dll's ...
Registered in 0.088585 seconds.
Begin MonoManager ReloadAssembly
Native extension for WindowsStandalone target not found
Refreshing native plugins compatible for Editor in 0.90 ms, found 3 plugins.
Preloading 0 native plugins for Editor in 0.00 ms.
Mono: successfully reloaded assembly
- Completed reload, in  3.855 seconds
Platform modules already initialized, skipping
Refreshing native plugins compatible for Editor in 2.76 ms, found 3 plugins.
Preloading 0 native plugins for Editor in 0.00 ms.
Unloading 2730 Unused Serialized files (Serialized files now loaded: 0)
System memory in use before: 113.6 MB.
System memory in use after: 113.9 MB.

Unloading 37 unused Assets to reduce memory usage. Loaded Objects now: 3300.
Total: 3.299600 ms (FindLiveObjects: 0.317200 ms CreateObjectMapping: 0.186300 ms MarkObjects: 2.755300 ms  DeleteObjects: 0.039100 ms)

========================================================================
Received Import Request.
  Time since last request: 297.622048 seconds.
  path: Assets/SCENES/scene_signin.unity
  artifactKey: Guid(07c2a717f419ea24697294987b4bd0fb) Importer(815301076,1909f56bfc062723c751e8b465ee728b)
Start importing Assets/SCENES/scene_signin.unity using Guid(07c2a717f419ea24697294987b4bd0fb) Importer(815301076,1909f56bfc062723c751e8b465ee728b)  -> (artifact id: '64910bb92f0fa0a71dd63cc4bab9c1a5') in 0.044402 seconds
  Import took 0.056628 seconds .

========================================================================
Received Import Request.
  Time since last request: 26.044282 seconds.
  path: Assets/SCRIPTS/SCENE/scene_signin.cs
  artifactKey: Guid(31da1042436115647bc8bc634f95b202) Importer(815301076,1909f56bfc062723c751e8b465ee728b)
Start importing Assets/SCRIPTS/SCENE/scene_signin.cs using Guid(31da1042436115647bc8bc634f95b202) Importer(815301076,1909f56bfc062723c751e8b465ee728b)  -> (artifact id: '12642c8d50bb0610b71a67203db739ba') in 0.043859 seconds
  Import took 0.058153 seconds .

========================================================================
Received Prepare
Registering precompiled user dll's ...
Registered in 0.021630 seconds.
Begin MonoManager ReloadAssembly
Native extension for WindowsStandalone target not found
Refreshing native plugins compatible for Editor in 1.71 ms, found 3 plugins.
Preloading 0 native plugins for Editor in 0.00 ms.
Mono: successfully reloaded assembly
- Completed reload, in  2.766 seconds
Platform modules already initialized, skipping
Refreshing native plugins compatible for Editor in 1.79 ms, found 3 plugins.
Preloading 0 native plugins for Editor in 0.00 ms.
Unloading 2730 Unused Serialized files (Serialized files now loaded: 0)
System memory in use before: 113.6 MB.
System memory in use after: 113.8 MB.

Unloading 37 unused Assets to reduce memory usage. Loaded Objects now: 3303.
Total: 3.533300 ms (FindLiveObjects: 0.382800 ms CreateObjectMapping: 0.165000 ms MarkObjects: 2.948500 ms  DeleteObjects: 0.035400 ms)

========================================================================
Received Prepare
Registering precompiled user dll's ...
Registered in 0.042977 seconds.
Begin MonoManager ReloadAssembly
Native extension for WindowsStandalone target not found
Refreshing native plugins compatible for Editor in 1.07 ms, found 3 plugins.
Preloading 0 native plugins for Editor in 0.00 ms.
Mono: successfully reloaded assembly
- Completed reload, in  2.324 seconds
Platform modules already initialized, skipping
Refreshing native plugins compatible for Editor in 1.67 ms, found 3 plugins.
Preloading 0 native plugins for Editor in 0.00 ms.
Unloading 2730 Unused Serialized files (Serialized files now loaded: 0)
System memory in use before: 113.7 MB.
System memory in use after: 113.9 MB.

Unloading 37 unused Assets to reduce memory usage. Loaded Objects now: 3306.
Total: 4.306100 ms (FindLiveObjects: 0.385100 ms CreateObjectMapping: 0.195500 ms MarkObjects: 3.683300 ms  DeleteObjects: 0.040500 ms)

========================================================================
Received Prepare
Registering precompiled user dll's ...
Registered in 0.021970 seconds.
Begin MonoManager ReloadAssembly
Native extension for WindowsStandalone target not found
Refreshing native plugins compatible for Editor in 0.90 ms, found 3 plugins.
Preloading 0 native plugins for Editor in 0.00 ms.
Mono: successfully reloaded assembly
- Completed reload, in  2.701 seconds
Platform modules already initialized, skipping
Refreshing native plugins compatible for Editor in 2.71 ms, found 3 plugins.
Preloading 0 native plugins for Editor in 0.00 ms.
Unloading 2730 Unused Serialized files (Serialized files now loaded: 0)
System memory in use before: 113.7 MB.
System memory in use after: 113.9 MB.

Unloading 37 unused Assets to reduce memory usage. Loaded Objects now: 3309.
Total: 6.200900 ms (FindLiveObjects: 0.571500 ms CreateObjectMapping: 1.117900 ms MarkObjects: 4.461500 ms  DeleteObjects: 0.047900 ms)

========================================================================
Received Prepare
Registering precompiled user dll's ...
Registered in 0.032338 seconds.
Begin MonoManager ReloadAssembly
Native extension for WindowsStandalone target not found
Refreshing native plugins compatible for Editor in 0.89 ms, found 3 plugins.
Preloading 0 native plugins for Editor in 0.00 ms.
Mono: successfully reloaded assembly
- Completed reload, in  2.664 seconds
Platform modules already initialized, skipping
Refreshing native plugins compatible for Editor in 2.79 ms, found 3 plugins.
Preloading 0 native plugins for Editor in 0.00 ms.
Unloading 2730 Unused Serialized files (Serialized files now loaded: 0)
System memory in use before: 113.7 MB.
System memory in use after: 113.9 MB.

Unloading 37 unused Assets to reduce memory usage. Loaded Objects now: 3312.
Total: 3.936000 ms (FindLiveObjects: 0.319800 ms CreateObjectMapping: 0.171400 ms MarkObjects: 3.392100 ms  DeleteObjects: 0.050800 ms)

========================================================================
Received Prepare
Registering precompiled user dll's ...
Registered in 0.251971 seconds.
Begin MonoManager ReloadAssembly
Native extension for WindowsStandalone target not found
Refreshing native plugins compatible for Editor in 0.89 ms, found 3 plugins.
Preloading 0 native plugins for Editor in 0.00 ms.
Mono: successfully reloaded assembly
- Completed reload, in  2.146 seconds
Platform modules already initialized, skipping
Refreshing native plugins compatible for Editor in 1.82 ms, found 3 plugins.
Preloading 0 native plugins for Editor in 0.00 ms.
Unloading 2730 Unused Serialized files (Serialized files now loaded: 0)
System memory in use before: 113.7 MB.
System memory in use after: 113.9 MB.

Unloading 37 unused Assets to reduce memory usage. Loaded Objects now: 3315.
Total: 3.998000 ms (FindLiveObjects: 0.348800 ms CreateObjectMapping: 0.188400 ms MarkObjects: 3.419100 ms  DeleteObjects: 0.039900 ms)

========================================================================
Received Prepare
Registering precompiled user dll's ...
Registered in 0.030332 seconds.
Begin MonoManager ReloadAssembly
Native extension for WindowsStandalone target not found
Refreshing native plugins compatible for Editor in 0.99 ms, found 3 plugins.
Preloading 0 native plugins for Editor in 0.00 ms.
Mono: successfully reloaded assembly
- Completed reload, in  2.146 seconds
Platform modules already initialized, skipping
Refreshing native plugins compatible for Editor in 1.72 ms, found 3 plugins.
Preloading 0 native plugins for Editor in 0.00 ms.
Unloading 2730 Unused Serialized files (Serialized files now loaded: 0)
System memory in use before: 113.6 MB.
System memory in use after: 113.8 MB.

Unloading 37 unused Assets to reduce memory usage. Loaded Objects now: 3318.
Total: 3.860300 ms (FindLiveObjects: 0.365700 ms CreateObjectMapping: 0.165900 ms MarkObjects: 3.274100 ms  DeleteObjects: 0.042700 ms)

========================================================================
Received Prepare
Registering precompiled user dll's ...
Registered in 0.028107 seconds.
Begin MonoManager ReloadAssembly
Native extension for WindowsStandalone target not found
Refreshing native plugins compatible for Editor in 0.84 ms, found 3 plugins.
Preloading 0 native plugins for Editor in 0.00 ms.
Mono: successfully reloaded assembly
- Completed reload, in  2.087 seconds
Platform modules already initialized, skipping
Refreshing native plugins compatible for Editor in 2.51 ms, found 3 plugins.
Preloading 0 native plugins for Editor in 0.00 ms.
Unloading 2730 Unused Serialized files (Serialized files now loaded: 0)
System memory in use before: 113.7 MB.
System memory in use after: 114.0 MB.

Unloading 37 unused Assets to reduce memory usage. Loaded Objects now: 3321.
Total: 3.602400 ms (FindLiveObjects: 0.315000 ms CreateObjectMapping: 0.163400 ms MarkObjects: 3.082500 ms  DeleteObjects: 0.040000 ms)

========================================================================
Received Prepare
Registering precompiled user dll's ...
Registered in 0.035065 seconds.
Begin MonoManager ReloadAssembly
Native extension for WindowsStandalone target not found
Refreshing native plugins compatible for Editor in 0.86 ms, found 3 plugins.
Preloading 0 native plugins for Editor in 0.00 ms.
Mono: successfully reloaded assembly
- Completed reload, in  2.827 seconds
Platform modules already initialized, skipping
Refreshing native plugins compatible for Editor in 1.61 ms, found 3 plugins.
Preloading 0 native plugins for Editor in 0.00 ms.
Unloading 2730 Unused Serialized files (Serialized files now loaded: 0)
System memory in use before: 113.7 MB.
System memory in use after: 114.0 MB.

Unloading 37 unused Assets to reduce memory usage. Loaded Objects now: 3324.
Total: 17.395800 ms (FindLiveObjects: 0.531600 ms CreateObjectMapping: 0.214500 ms MarkObjects: 16.587100 ms  DeleteObjects: 0.059800 ms)

========================================================================
Received Import Request.
  Time since last request: 3180.727287 seconds.
  path: Assets/Parse
  artifactKey: Guid(54d91292ca94e1f43a059b84117ae1f3) Importer(815301076,1909f56bfc062723c751e8b465ee728b)
Start importing Assets/Parse using Guid(54d91292ca94e1f43a059b84117ae1f3) Importer(815301076,1909f56bfc062723c751e8b465ee728b)  -> (artifact id: '6fae35bf0f7f69e310c2284898f5cba1') in 0.036843 seconds
  Import took 0.046554 seconds .

========================================================================
Received Import Request.
  Time since last request: 2.977780 seconds.
  path: Assets/Parse/Plugins
  artifactKey: Guid(ae0c4306e77adcb40b9f0de672cb25d4) Importer(815301076,1909f56bfc062723c751e8b465ee728b)
Start importing Assets/Parse/Plugins using Guid(ae0c4306e77adcb40b9f0de672cb25d4) Importer(815301076,1909f56bfc062723c751e8b465ee728b)  -> (artifact id: '7b72430bf6536500a25dc190c09d4eb3') in 0.044188 seconds
  Import took 0.059447 seconds .

========================================================================
Received Import Request.
  Time since last request: 8.078919 seconds.
  path: Assets/Parse/Plugins/Unity.Tasks.dll
  artifactKey: Guid(93324a471a6d44bb8297d17d8b191e52) Importer(815301076,1909f56bfc062723c751e8b465ee728b)
Start importing Assets/Parse/Plugins/Unity.Tasks.dll using Guid(93324a471a6d44bb8297d17d8b191e52) Importer(815301076,1909f56bfc062723c751e8b465ee728b)  -> (artifact id: '5c8b8ca01a7dfe24d193d10e764fae9b') in 0.040461 seconds
  Import took 0.049667 seconds .

========================================================================
Received Import Request.
  Time since last request: 0.129668 seconds.
  path: Assets/Parse/Plugins/Unity.Tasks.dll
  artifactKey: Guid(93324a471a6d44bb8297d17d8b191e52) Importer(815301076,1909f56bfc062723c751e8b465ee728b)
Start importing Assets/Parse/Plugins/Unity.Tasks.dll using Guid(93324a471a6d44bb8297d17d8b191e52) Importer(815301076,1909f56bfc062723c751e8b465ee728b)  -> (artifact id: '5c8b8ca01a7dfe24d193d10e764fae9b') in 0.007139 seconds
  Import took 0.016549 seconds .

========================================================================
Received Import Request.
  Time since last request: 5.943558 seconds.
  path: Assets/Parse/Plugins/Unity.Compat.dll
  artifactKey: Guid(015ef18e20f24535830f59eda9e70830) Importer(815301076,1909f56bfc062723c751e8b465ee728b)
Start importing Assets/Parse/Plugins/Unity.Compat.dll using Guid(015ef18e20f24535830f59eda9e70830) Importer(815301076,1909f56bfc062723c751e8b465ee728b)  -> (artifact id: '3a72e992da563e784f68ae85830404c1') in 0.019041 seconds
  Import took 0.026288 seconds .

========================================================================
Received Prepare
Registering precompiled user dll's ...
Registered in 0.074970 seconds.
Begin MonoManager ReloadAssembly
Native extension for WindowsStandalone target not found
Refreshing native plugins compatible for Editor in 0.92 ms, found 3 plugins.
Preloading 0 native plugins for Editor in 0.00 ms.
Mono: successfully reloaded assembly
- Completed reload, in  2.078 seconds
Platform modules already initialized, skipping
Refreshing native plugins compatible for Editor in 3.16 ms, found 3 plugins.
Preloading 0 native plugins for Editor in 0.00 ms.
Unloading 2728 Unused Serialized files (Serialized files now loaded: 0)
System memory in use before: 113.7 MB.
System memory in use after: 113.9 MB.

Unloading 35 unused Assets to reduce memory usage. Loaded Objects now: 3327.
Total: 3.799700 ms (FindLiveObjects: 0.334900 ms CreateObjectMapping: 0.196700 ms MarkObjects: 3.229600 ms  DeleteObjects: 0.036800 ms)

========================================================================
Received Prepare
Registering precompiled user dll's ...
Registered in 0.049270 seconds.
Begin MonoManager ReloadAssembly
Native extension for WindowsStandalone target not found
Refreshing native plugins compatible for Editor in 4.68 ms, found 3 plugins.
Preloading 0 native plugins for Editor in 0.00 ms.
Mono: successfully reloaded assembly
- Completed reload, in  7.701 seconds
Platform modules already initialized, skipping
Refreshing native plugins compatible for Editor in 1.52 ms, found 3 plugins.
Preloading 0 native plugins for Editor in 0.00 ms.
Unloading 2728 Unused Serialized files (Serialized files now loaded: 0)
System memory in use before: 113.7 MB.
System memory in use after: 113.9 MB.

Unloading 35 unused Assets to reduce memory usage. Loaded Objects now: 3330.
Total: 3.730500 ms (FindLiveObjects: 0.339600 ms CreateObjectMapping: 0.161300 ms MarkObjects: 3.191400 ms  DeleteObjects: 0.036000 ms)

========================================================================
Received Prepare
Registering precompiled user dll's ...
Registered in 0.045481 seconds.
Begin MonoManager ReloadAssembly
Native extension for WindowsStandalone target not found
Refreshing native plugins compatible for Editor in 1.28 ms, found 3 plugins.
Preloading 0 native plugins for Editor in 0.00 ms.
Mono: successfully reloaded assembly
- Completed reload, in  2.129 seconds
Platform modules already initialized, skipping
Refreshing native plugins compatible for Editor in 2.17 ms, found 3 plugins.
Preloading 0 native plugins for Editor in 0.00 ms.
Unloading 2728 Unused Serialized files (Serialized files now loaded: 0)
System memory in use before: 113.6 MB.
System memory in use after: 113.8 MB.

Unloading 35 unused Assets to reduce memory usage. Loaded Objects now: 3333.
Total: 3.338900 ms (FindLiveObjects: 0.320800 ms CreateObjectMapping: 0.159600 ms MarkObjects: 2.821200 ms  DeleteObjects: 0.035700 ms)

========================================================================
Received Prepare
Registering precompiled user dll's ...
Registered in 0.018533 seconds.
Begin MonoManager ReloadAssembly
Native extension for WindowsStandalone target not found
Refreshing native plugins compatible for Editor in 1.46 ms, found 3 plugins.
Preloading 0 native plugins for Editor in 0.00 ms.
Mono: successfully reloaded assembly
- Completed reload, in  2.871 seconds
Platform modules already initialized, skipping
Refreshing native plugins compatible for Editor in 1.76 ms, found 3 plugins.
Preloading 0 native plugins for Editor in 0.00 ms.
Unloading 2728 Unused Serialized files (Serialized files now loaded: 0)
System memory in use before: 113.7 MB.
System memory in use after: 114.0 MB.

Unloading 35 unused Assets to reduce memory usage. Loaded Objects now: 3336.
Total: 3.988700 ms (FindLiveObjects: 0.578900 ms CreateObjectMapping: 0.208500 ms MarkObjects: 3.162700 ms  DeleteObjects: 0.036800 ms)

========================================================================
Received Prepare
Registering precompiled user dll's ...
Registered in 0.020096 seconds.
Begin MonoManager ReloadAssembly
Native extension for WindowsStandalone target not found
Refreshing native plugins compatible for Editor in 0.88 ms, found 3 plugins.
Preloading 0 native plugins for Editor in 0.00 ms.
Mono: successfully reloaded assembly
- Completed reload, in  2.614 seconds
Platform modules already initialized, skipping
Refreshing native plugins compatible for Editor in 1.61 ms, found 3 plugins.
Preloading 0 native plugins for Editor in 0.00 ms.
Unloading 2728 Unused Serialized files (Serialized files now loaded: 0)
System memory in use before: 113.7 MB.
System memory in use after: 114.0 MB.

Unloading 35 unused Assets to reduce memory usage. Loaded Objects now: 3339.
Total: 3.585300 ms (FindLiveObjects: 0.415900 ms CreateObjectMapping: 0.180000 ms MarkObjects: 2.949100 ms  DeleteObjects: 0.038500 ms)

========================================================================
Received Prepare
Registering precompiled user dll's ...
Registered in 0.016268 seconds.
Begin MonoManager ReloadAssembly
Native extension for WindowsStandalone target not found
Refreshing native plugins compatible for Editor in 1.01 ms, found 3 plugins.
Preloading 0 native plugins for Editor in 0.00 ms.
Mono: successfully reloaded assembly
- Completed reload, in  2.699 seconds
Platform modules already initialized, skipping
Refreshing native plugins compatible for Editor in 1.36 ms, found 3 plugins.
Preloading 0 native plugins for Editor in 0.00 ms.
Unloading 2728 Unused Serialized files (Serialized files now loaded: 0)
System memory in use before: 113.7 MB.
System memory in use after: 114.0 MB.

Unloading 35 unused Assets to reduce memory usage. Loaded Objects now: 3342.
Total: 3.543600 ms (FindLiveObjects: 0.363100 ms CreateObjectMapping: 0.169300 ms MarkObjects: 2.946800 ms  DeleteObjects: 0.060600 ms)

========================================================================
Received Prepare
Registering precompiled user dll's ...
Registered in 0.017106 seconds.
Begin MonoManager ReloadAssembly
Native extension for WindowsStandalone target not found
Refreshing native plugins compatible for Editor in 0.88 ms, found 3 plugins.
Preloading 0 native plugins for Editor in 0.00 ms.
Mono: successfully reloaded assembly
- Completed reload, in  3.159 seconds
Platform modules already initialized, skipping
Refreshing native plugins compatible for Editor in 5.15 ms, found 3 plugins.
Preloading 0 native plugins for Editor in 0.00 ms.
Unloading 2728 Unused Serialized files (Serialized files now loaded: 0)
System memory in use before: 113.8 MB.
System memory in use after: 114.0 MB.

Unloading 35 unused Assets to reduce memory usage. Loaded Objects now: 3345.
Total: 10.880400 ms (FindLiveObjects: 1.223400 ms CreateObjectMapping: 0.224700 ms MarkObjects: 9.374300 ms  DeleteObjects: 0.055000 ms)

========================================================================
Received Prepare
Registering precompiled user dll's ...
Registered in 0.014917 seconds.
Begin MonoManager ReloadAssembly
Native extension for WindowsStandalone target not found
Refreshing native plugins compatible for Editor in 0.91 ms, found 3 plugins.
Preloading 0 native plugins for Editor in 0.00 ms.
Mono: successfully reloaded assembly
- Completed reload, in  2.658 seconds
Platform modules already initialized, skipping
Refreshing native plugins compatible for Editor in 2.07 ms, found 3 plugins.
Preloading 0 native plugins for Editor in 0.00 ms.
Unloading 2728 Unused Serialized files (Serialized files now loaded: 0)
System memory in use before: 113.7 MB.
System memory in use after: 113.9 MB.

Unloading 35 unused Assets to reduce memory usage. Loaded Objects now: 3348.
Total: 4.804300 ms (FindLiveObjects: 0.685400 ms CreateObjectMapping: 0.357700 ms MarkObjects: 3.713400 ms  DeleteObjects: 0.045000 ms)

========================================================================
Received Prepare
Registering precompiled user dll's ...
Registered in 0.118406 seconds.
Begin MonoManager ReloadAssembly
Native extension for WindowsStandalone target not found
Refreshing native plugins compatible for Editor in 0.88 ms, found 3 plugins.
Preloading 0 native plugins for Editor in 0.00 ms.
Mono: successfully reloaded assembly
- Completed reload, in  2.261 seconds
Platform modules already initialized, skipping
Refreshing native plugins compatible for Editor in 1.78 ms, found 3 plugins.
Preloading 0 native plugins for Editor in 0.00 ms.
Unloading 2728 Unused Serialized files (Serialized files now loaded: 0)
System memory in use before: 113.8 MB.
System memory in use after: 114.0 MB.

Unloading 35 unused Assets to reduce memory usage. Loaded Objects now: 3351.
Total: 3.835100 ms (FindLiveObjects: 0.487900 ms CreateObjectMapping: 0.329600 ms MarkObjects: 2.978400 ms  DeleteObjects: 0.036900 ms)

========================================================================
Received Prepare
Registering precompiled user dll's ...
Registered in 0.024889 seconds.
Begin MonoManager ReloadAssembly
Native extension for WindowsStandalone target not found
Refreshing native plugins compatible for Editor in 1.08 ms, found 3 plugins.
Preloading 0 native plugins for Editor in 0.00 ms.
Mono: successfully reloaded assembly
- Completed reload, in  2.207 seconds
Platform modules already initialized, skipping
Refreshing native plugins compatible for Editor in 1.55 ms, found 3 plugins.
Preloading 0 native plugins for Editor in 0.00 ms.
Unloading 2728 Unused Serialized files (Serialized files now loaded: 0)
System memory in use before: 113.8 MB.
System memory in use after: 114.0 MB.

Unloading 35 unused Assets to reduce memory usage. Loaded Objects now: 3354.
Total: 3.365400 ms (FindLiveObjects: 0.334500 ms CreateObjectMapping: 0.164000 ms MarkObjects: 2.799200 ms  DeleteObjects: 0.065000 ms)

========================================================================
Received Prepare
Registering precompiled user dll's ...
Registered in 0.021990 seconds.
Begin MonoManager ReloadAssembly
Native extension for WindowsStandalone target not found
Refreshing native plugins compatible for Editor in 0.93 ms, found 3 plugins.
Preloading 0 native plugins for Editor in 0.00 ms.
Mono: successfully reloaded assembly
- Completed reload, in  2.688 seconds
Platform modules already initialized, skipping
Refreshing native plugins compatible for Editor in 1.89 ms, found 3 plugins.
Preloading 0 native plugins for Editor in 0.00 ms.
Unloading 2728 Unused Serialized files (Serialized files now loaded: 0)
System memory in use before: 113.8 MB.
System memory in use after: 114.0 MB.

Unloading 35 unused Assets to reduce memory usage. Loaded Objects now: 3357.
Total: 7.534000 ms (FindLiveObjects: 0.598200 ms CreateObjectMapping: 0.296100 ms MarkObjects: 6.575100 ms  DeleteObjects: 0.062200 ms)

========================================================================
Received Prepare
Registering precompiled user dll's ...
Registered in 0.464127 seconds.
Begin MonoManager ReloadAssembly
Native extension for WindowsStandalone target not found
Refreshing native plugins compatible for Editor in 0.98 ms, found 3 plugins.
Preloading 0 native plugins for Editor in 0.00 ms.
Mono: successfully reloaded assembly
- Completed reload, in  2.321 seconds
Platform modules already initialized, skipping
Refreshing native plugins compatible for Editor in 3.15 ms, found 3 plugins.
Preloading 0 native plugins for Editor in 0.00 ms.
Unloading 2728 Unused Serialized files (Serialized files now loaded: 0)
System memory in use before: 113.8 MB.
System memory in use after: 114.0 MB.

Unloading 35 unused Assets to reduce memory usage. Loaded Objects now: 3360.
Total: 6.109500 ms (FindLiveObjects: 0.586000 ms CreateObjectMapping: 0.253600 ms MarkObjects: 5.213800 ms  DeleteObjects: 0.053500 ms)

========================================================================
Received Prepare
Registering precompiled user dll's ...
Registered in 0.073568 seconds.
Begin MonoManager ReloadAssembly
Native extension for WindowsStandalone target not found
Refreshing native plugins compatible for Editor in 4.42 ms, found 3 plugins.
Preloading 0 native plugins for Editor in 0.00 ms.
Mono: successfully reloaded assembly
- Completed reload, in  7.909 seconds
Platform modules already initialized, skipping
Refreshing native plugins compatible for Editor in 1.85 ms, found 3 plugins.
Preloading 0 native plugins for Editor in 0.00 ms.
Unloading 2728 Unused Serialized files (Serialized files now loaded: 0)
System memory in use before: 113.7 MB.
System memory in use after: 113.9 MB.

Unloading 35 unused Assets to reduce memory usage. Loaded Objects now: 3363.
Total: 7.934200 ms (FindLiveObjects: 0.821600 ms CreateObjectMapping: 0.552100 ms MarkObjects: 6.498900 ms  DeleteObjects: 0.057200 ms)

========================================================================
Received Prepare
Registering precompiled user dll's ...
Registered in 0.027316 seconds.
Begin MonoManager ReloadAssembly
Native extension for WindowsStandalone target not found
Refreshing native plugins compatible for Editor in 0.98 ms, found 3 plugins.
Preloading 0 native plugins for Editor in 0.00 ms.
Mono: successfully reloaded assembly
- Completed reload, in  2.268 seconds
Platform modules already initialized, skipping
Refreshing native plugins compatible for Editor in 1.70 ms, found 3 plugins.
Preloading 0 native plugins for Editor in 0.00 ms.
Unloading 2728 Unused Serialized files (Serialized files now loaded: 0)
System memory in use before: 113.8 MB.
System memory in use after: 114.0 MB.

Unloading 35 unused Assets to reduce memory usage. Loaded Objects now: 3366.
Total: 3.804000 ms (FindLiveObjects: 0.518100 ms CreateObjectMapping: 0.203600 ms MarkObjects: 3.043600 ms  DeleteObjects: 0.036900 ms)

========================================================================
Received Prepare
Registering precompiled user dll's ...
Registered in 0.034370 seconds.
Begin MonoManager ReloadAssembly
Native extension for WindowsStandalone target not found
Refreshing native plugins compatible for Editor in 1.45 ms, found 3 plugins.
Preloading 0 native plugins for Editor in 0.00 ms.
Mono: successfully reloaded assembly
- Completed reload, in  2.733 seconds
Platform modules already initialized, skipping
Refreshing native plugins compatible for Editor in 1.55 ms, found 3 plugins.
Preloading 0 native plugins for Editor in 0.00 ms.
Unloading 2728 Unused Serialized files (Serialized files now loaded: 0)
System memory in use before: 113.8 MB.
System memory in use after: 114.0 MB.

Unloading 35 unused Assets to reduce memory usage. Loaded Objects now: 3369.
Total: 6.442200 ms (FindLiveObjects: 0.368400 ms CreateObjectMapping: 0.233600 ms MarkObjects: 5.783300 ms  DeleteObjects: 0.054000 ms)

========================================================================
Received Prepare
Registering precompiled user dll's ...
Registered in 0.021410 seconds.
Begin MonoManager ReloadAssembly
Native extension for WindowsStandalone target not found
Refreshing native plugins compatible for Editor in 0.90 ms, found 3 plugins.
Preloading 0 native plugins for Editor in 0.00 ms.
Mono: successfully reloaded assembly
- Completed reload, in  1.934 seconds
Platform modules already initialized, skipping
Refreshing native plugins compatible for Editor in 1.96 ms, found 3 plugins.
Preloading 0 native plugins for Editor in 0.00 ms.
Unloading 2728 Unused Serialized files (Serialized files now loaded: 0)
System memory in use before: 113.8 MB.
System memory in use after: 114.1 MB.

Unloading 35 unused Assets to reduce memory usage. Loaded Objects now: 3372.
Total: 4.774200 ms (FindLiveObjects: 1.529600 ms CreateObjectMapping: 0.277000 ms MarkObjects: 2.925900 ms  DeleteObjects: 0.039400 ms)

========================================================================
Received Prepare
Registering precompiled user dll's ...
Registered in 0.018825 seconds.
Begin MonoManager ReloadAssembly
Native extension for WindowsStandalone target not found
Refreshing native plugins compatible for Editor in 0.84 ms, found 3 plugins.
Preloading 0 native plugins for Editor in 0.00 ms.
Mono: successfully reloaded assembly
- Completed reload, in  2.411 seconds
Platform modules already initialized, skipping
Refreshing native plugins compatible for Editor in 1.90 ms, found 3 plugins.
Preloading 0 native plugins for Editor in 0.00 ms.
Unloading 2728 Unused Serialized files (Serialized files now loaded: 0)
System memory in use before: 113.8 MB.
System memory in use after: 114.1 MB.

Unloading 35 unused Assets to reduce memory usage. Loaded Objects now: 3375.
Total: 6.668300 ms (FindLiveObjects: 0.787500 ms CreateObjectMapping: 0.274600 ms MarkObjects: 5.558900 ms  DeleteObjects: 0.044900 ms)

========================================================================
Received Prepare
Registering precompiled user dll's ...
Registered in 0.070060 seconds.
Begin MonoManager ReloadAssembly
Native extension for WindowsStandalone target not found
Refreshing native plugins compatible for Editor in 0.88 ms, found 3 plugins.
Preloading 0 native plugins for Editor in 0.00 ms.
Mono: successfully reloaded assembly
- Completed reload, in  3.059 seconds
Platform modules already initialized, skipping
Refreshing native plugins compatible for Editor in 1.57 ms, found 3 plugins.
Preloading 0 native plugins for Editor in 0.00 ms.
Unloading 2728 Unused Serialized files (Serialized files now loaded: 0)
System memory in use before: 113.8 MB.
System memory in use after: 114.0 MB.

Unloading 35 unused Assets to reduce memory usage. Loaded Objects now: 3378.
Total: 4.562500 ms (FindLiveObjects: 0.521500 ms CreateObjectMapping: 0.243300 ms MarkObjects: 3.747300 ms  DeleteObjects: 0.048100 ms)

========================================================================
Received Prepare
Registering precompiled user dll's ...
Registered in 0.020575 seconds.
Begin MonoManager ReloadAssembly
Native extension for WindowsStandalone target not found
Refreshing native plugins compatible for Editor in 0.85 ms, found 3 plugins.
Preloading 0 native plugins for Editor in 0.00 ms.
Mono: successfully reloaded assembly
- Completed reload, in  2.785 seconds
Platform modules already initialized, skipping
Refreshing native plugins compatible for Editor in 3.26 ms, found 3 plugins.
Preloading 0 native plugins for Editor in 0.00 ms.
Unloading 2728 Unused Serialized files (Serialized files now loaded: 0)
System memory in use before: 113.9 MB.
System memory in use after: 114.1 MB.

Unloading 35 unused Assets to reduce memory usage. Loaded Objects now: 3381.
Total: 3.482000 ms (FindLiveObjects: 0.350000 ms CreateObjectMapping: 0.170000 ms MarkObjects: 2.919100 ms  DeleteObjects: 0.040200 ms)

========================================================================
Received Prepare
Registering precompiled user dll's ...
Registered in 0.027606 seconds.
Begin MonoManager ReloadAssembly
Native extension for WindowsStandalone target not found
Refreshing native plugins compatible for Editor in 1.60 ms, found 3 plugins.
Preloading 0 native plugins for Editor in 0.00 ms.
Mono: successfully reloaded assembly
- Completed reload, in  3.469 seconds
Platform modules already initialized, skipping
Refreshing native plugins compatible for Editor in 1.67 ms, found 3 plugins.
Preloading 0 native plugins for Editor in 0.00 ms.
Unloading 2728 Unused Serialized files (Serialized files now loaded: 0)
System memory in use before: 113.9 MB.
System memory in use after: 114.1 MB.

Unloading 35 unused Assets to reduce memory usage. Loaded Objects now: 3384.
Total: 4.953900 ms (FindLiveObjects: 0.583900 ms CreateObjectMapping: 0.358100 ms MarkObjects: 3.960400 ms  DeleteObjects: 0.048400 ms)

========================================================================
Received Prepare
Registering precompiled user dll's ...
Registered in 0.029629 seconds.
Begin MonoManager ReloadAssembly
Native extension for WindowsStandalone target not found
Refreshing native plugins compatible for Editor in 0.99 ms, found 3 plugins.
Preloading 0 native plugins for Editor in 0.00 ms.
Mono: successfully reloaded assembly
- Completed reload, in  2.358 seconds
Platform modules already initialized, skipping
Refreshing native plugins compatible for Editor in 1.75 ms, found 3 plugins.
Preloading 0 native plugins for Editor in 0.00 ms.
Unloading 2728 Unused Serialized files (Serialized files now loaded: 0)
System memory in use before: 113.9 MB.
System memory in use after: 114.1 MB.

Unloading 35 unused Assets to reduce memory usage. Loaded Objects now: 3387.
Total: 3.381800 ms (FindLiveObjects: 0.332800 ms CreateObjectMapping: 0.162600 ms MarkObjects: 2.848000 ms  DeleteObjects: 0.036400 ms)

AssetImportWorkerClient::OnTransportError - code=2 error=End of file
