Using pre-set license
Built from '2020.3/staging' branch; Version is '2020.3.6f1 (338bb68529b2) revision 3378102'; Using compiler version '192528614'; Build Type 'Release'
OS: 'Windows 10 Pro; OS build 19042.1165; Version 2009; 64bit' Language: 'es' Physical Memory: 7878 MB
BatchMode: 1, IsHumanControllingUs: 0, StartBugReporterOnCrash: 0, Is64bit: 1, IsPro: 0

 COMMAND LINE ARGUMENTS:
C:\Program Files\Unity\Hub\Editor\2020.3.6f1\Editor\Unity.exe
-adb2
-batchMode
-noUpm
-name
AssetImportWorker0
-projectPath
C:/Users/Tomas/Desktop/Repository/UNITY-UI-DEMO/UNITY-UI-DEMO
-logFile
Logs/AssetImportWorker0.log
-srvPort
62188
Successfully changed project path to: C:/Users/Tomas/Desktop/Repository/UNITY-UI-DEMO/UNITY-UI-DEMO
C:/Users/Tomas/Desktop/Repository/UNITY-UI-DEMO/UNITY-UI-DEMO
Using Asset Import Pipeline V2.
Refreshing native plugins compatible for Editor in 71.75 ms, found 1 plugins.
Preloading 0 native plugins for Editor in 0.00 ms.
Initialize engine version: 2020.3.6f1 (338bb68529b2)
[Subsystems] Discovering subsystems at path C:/Program Files/Unity/Hub/Editor/2020.3.6f1/Editor/Data/Resources/UnitySubsystems
[Subsystems] Discovering subsystems at path C:/Users/Tomas/Desktop/Repository/UNITY-UI-DEMO/UNITY-UI-DEMO/Assets
GfxDevice: creating device client; threaded=0
Direct3D:
    Version:  Direct3D 11.0 [level 11.1]
    Renderer: Intel(R) HD Graphics Family (ID=0xa16)
    Vendor:   
    VRAM:     2048 MB
    Driver:   20.19.15.4531
Initialize mono
Mono path[0] = 'C:/Program Files/Unity/Hub/Editor/2020.3.6f1/Editor/Data/Managed'
Mono path[1] = 'C:/Program Files/Unity/Hub/Editor/2020.3.6f1/Editor/Data/MonoBleedingEdge/lib/mono/unityjit'
Mono config path = 'C:/Program Files/Unity/Hub/Editor/2020.3.6f1/Editor/Data/MonoBleedingEdge/etc'
Using monoOptions --debugger-agent=transport=dt_socket,embedding=1,server=y,suspend=n,address=127.0.0.1:56236
Begin MonoManager ReloadAssembly
Registering precompiled unity dll's ...
Register platform support module: C:/Program Files/Unity/Hub/Editor/2020.3.6f1/Editor/Data/PlaybackEngines/WindowsStandaloneSupport/UnityEditor.WindowsStandalone.Extensions.dll
Registered in 0.003030 seconds.
Native extension for WindowsStandalone target not found
Refreshing native plugins compatible for Editor in 68.04 ms, found 1 plugins.
Preloading 0 native plugins for Editor in 0.00 ms.
Mono: successfully reloaded assembly
- Completed reload, in  2.703 seconds
Platform modules already initialized, skipping
Registering precompiled user dll's ...
Registered in 0.004816 seconds.
Begin MonoManager ReloadAssembly
Native extension for WindowsStandalone target not found
Refreshing native plugins compatible for Editor in 68.26 ms, found 1 plugins.
Preloading 0 native plugins for Editor in 0.00 ms.
Mono: successfully reloaded assembly
- Completed reload, in  1.538 seconds
Platform modules already initialized, skipping
========================================================================
Worker process is ready to serve import requests
Launched and connected shader compiler UnityShaderCompiler.exe after 0.07 seconds
Refreshing native plugins compatible for Editor in 1.03 ms, found 1 plugins.
Preloading 0 native plugins for Editor in 0.00 ms.
Unloading 2724 Unused Serialized files (Serialized files now loaded: 0)
System memory in use before: 112.6 MB.
System memory in use after: 112.8 MB.

Unloading 25 unused Assets to reduce memory usage. Loaded Objects now: 3169.
Total: 5.175900 ms (FindLiveObjects: 0.418900 ms CreateObjectMapping: 0.382400 ms MarkObjects: 4.235300 ms  DeleteObjects: 0.137300 ms)

========================================================================
Received Import Request.
  path: Assets/SCENES
  artifactKey: Guid(bbee59b8c23047e48987903e3180c3fe) Importer(815301076,1909f56bfc062723c751e8b465ee728b)
Start importing Assets/SCENES using Guid(bbee59b8c23047e48987903e3180c3fe) Importer(815301076,1909f56bfc062723c751e8b465ee728b)  -> (artifact id: '2d803434b0b625f3f88a71da35316b34') in 0.016990 seconds
  Import took 0.025415 seconds .

========================================================================
Received Import Request.
  Time since last request: 0.000570 seconds.
  path: Assets/SCENES/scene_options.unity
  artifactKey: Guid(36694d70f2820eb41b700383e3c97e18) Importer(815301076,1909f56bfc062723c751e8b465ee728b)
Start importing Assets/SCENES/scene_options.unity using Guid(36694d70f2820eb41b700383e3c97e18) Importer(815301076,1909f56bfc062723c751e8b465ee728b)  -> (artifact id: 'fa944e14262ba9f869533f63361d8f7d') in 0.030282 seconds
  Import took 0.038548 seconds .

========================================================================
Received Prepare
Refreshing native plugins compatible for Editor in 7.88 ms, found 1 plugins.
Preloading 0 native plugins for Editor in 0.00 ms.
Unloading 10 Unused Serialized files (Serialized files now loaded: 0)
System memory in use before: 58.5 MB.
System memory in use after: 58.7 MB.

Unloading 9 unused Assets to reduce memory usage. Loaded Objects now: 3169.
Total: 8.930100 ms (FindLiveObjects: 2.667100 ms CreateObjectMapping: 0.328300 ms MarkObjects: 5.905500 ms  DeleteObjects: 0.027600 ms)

========================================================================
Received Import Request.
  Time since last request: 47.102155 seconds.
  path: Assets/papata
  artifactKey: Guid(bfb860b669595a144affa36090a46e70) Importer(815301076,1909f56bfc062723c751e8b465ee728b)
Start importing Assets/papata using Guid(bfb860b669595a144affa36090a46e70) Importer(815301076,1909f56bfc062723c751e8b465ee728b)  -> (artifact id: '85d97481a7705163c123509a205ab7cd') in 0.018218 seconds
  Import took 0.026263 seconds .

========================================================================
Received Prepare
Registering precompiled user dll's ...
Registered in 0.004393 seconds.
Begin MonoManager ReloadAssembly
Native extension for WindowsStandalone target not found
Refreshing native plugins compatible for Editor in 0.68 ms, found 1 plugins.
Preloading 0 native plugins for Editor in 0.00 ms.
Mono: successfully reloaded assembly
- Completed reload, in  1.641 seconds
Platform modules already initialized, skipping
Refreshing native plugins compatible for Editor in 1.63 ms, found 1 plugins.
Preloading 0 native plugins for Editor in 0.00 ms.
Unloading 2698 Unused Serialized files (Serialized files now loaded: 0)
System memory in use before: 111.9 MB.
System memory in use after: 112.2 MB.

Unloading 12 unused Assets to reduce memory usage. Loaded Objects now: 3172.
Total: 3.662900 ms (FindLiveObjects: 0.300400 ms CreateObjectMapping: 0.157100 ms MarkObjects: 3.170500 ms  DeleteObjects: 0.033400 ms)

========================================================================
Received Import Request.
  Time since last request: 4.656103 seconds.
  path: Assets
  artifactKey: Guid(00000000000000001000000000000000) Importer(815301076,1909f56bfc062723c751e8b465ee728b)
Start importing Assets using Guid(00000000000000001000000000000000) Importer(815301076,1909f56bfc062723c751e8b465ee728b)  -> (artifact id: '2c602d4445bd9e0e517b9a7c882a2249') in 0.014472 seconds
  Import took 0.019884 seconds .

========================================================================
Received Import Request.
  Time since last request: 4.773907 seconds.
  path: Assets/Locales
  artifactKey: Guid(f39026267fedef942855119cd4dff0e5) Importer(815301076,1909f56bfc062723c751e8b465ee728b)
Start importing Assets/Locales using Guid(f39026267fedef942855119cd4dff0e5) Importer(815301076,1909f56bfc062723c751e8b465ee728b)  -> (artifact id: 'cc1761d854d44f444014634065f6d647') in 0.012196 seconds
  Import took 0.023371 seconds .

========================================================================
Received Import Request.
  Time since last request: 0.000898 seconds.
  path: Assets/Locales
  artifactKey: Guid(f39026267fedef942855119cd4dff0e5) Importer(815301076,1909f56bfc062723c751e8b465ee728b)
Start importing Assets/Locales using Guid(f39026267fedef942855119cd4dff0e5) Importer(815301076,1909f56bfc062723c751e8b465ee728b)  -> (artifact id: 'cc1761d854d44f444014634065f6d647') in 0.007516 seconds
  Import took 0.018556 seconds .

========================================================================
Received Import Request.
  Time since last request: 11.826057 seconds.
  path: Assets/SCENES/MAIN MENU.unity
  artifactKey: Guid(2cda990e2423bbf4892e6590ba056729) Importer(815301076,1909f56bfc062723c751e8b465ee728b)
Start importing Assets/SCENES/MAIN MENU.unity using Guid(2cda990e2423bbf4892e6590ba056729) Importer(815301076,1909f56bfc062723c751e8b465ee728b)  -> (artifact id: '12c074e63f2840961b6e27ba914df9ad') in 0.024795 seconds
  Import took 0.033207 seconds .

========================================================================
Received Import Request.
  Time since last request: 77.091447 seconds.
  path: Assets/Locales/Localization Settings.asset
  artifactKey: Guid(9cf5c3d0dd1e61e479d4e1abcf487e68) Importer(815301076,1909f56bfc062723c751e8b465ee728b)
Start importing Assets/Locales/Localization Settings.asset using Guid(9cf5c3d0dd1e61e479d4e1abcf487e68) Importer(815301076,1909f56bfc062723c751e8b465ee728b)  -> (artifact id: '14438c4f5d89a98e8bf463c7ad141522') in 0.056350 seconds
  Import took 0.063199 seconds .

========================================================================
Received Import Request.
  Time since last request: 9.273631 seconds.
  path: Assets/AddressableAssetsData
  artifactKey: Guid(a5f7460378d2134469731fd0d36e1f75) Importer(815301076,1909f56bfc062723c751e8b465ee728b)
Start importing Assets/AddressableAssetsData using Guid(a5f7460378d2134469731fd0d36e1f75) Importer(815301076,1909f56bfc062723c751e8b465ee728b)  -> (artifact id: '5a874dd52692bbdebf9274c2698602d6') in 0.012908 seconds
  Import took 0.022151 seconds .

========================================================================
Received Import Request.
  Time since last request: 5.109307 seconds.
  path: Assets/AddressableAssetsData/DataBuilders
  artifactKey: Guid(73f6015e53637bf4e8318d225a1e84cc) Importer(815301076,1909f56bfc062723c751e8b465ee728b)
Start importing Assets/AddressableAssetsData/DataBuilders using Guid(73f6015e53637bf4e8318d225a1e84cc) Importer(815301076,1909f56bfc062723c751e8b465ee728b)  -> (artifact id: '58e103890e930a86a61fd4030cfb785f') in 0.013962 seconds
  Import took 0.020246 seconds .

========================================================================
Received Import Request.
  Time since last request: 2.143359 seconds.
  path: Assets/AddressableAssetsData/AssetGroups
  artifactKey: Guid(d2d2c2785fe594e4d8528b421c925686) Importer(815301076,1909f56bfc062723c751e8b465ee728b)
Start importing Assets/AddressableAssetsData/AssetGroups using Guid(d2d2c2785fe594e4d8528b421c925686) Importer(815301076,1909f56bfc062723c751e8b465ee728b)  -> (artifact id: '35790ab3c69d8eab05c887395f0232e4') in 0.012936 seconds
  Import took 0.019396 seconds .

========================================================================
Received Import Request.
  Time since last request: 2.626842 seconds.
  path: Assets/AddressableAssetsData/AssetGroupTemplates
  artifactKey: Guid(ca7766cac88abb54785faf217c5f513a) Importer(815301076,1909f56bfc062723c751e8b465ee728b)
Start importing Assets/AddressableAssetsData/AssetGroupTemplates using Guid(ca7766cac88abb54785faf217c5f513a) Importer(815301076,1909f56bfc062723c751e8b465ee728b)  -> (artifact id: 'cbe4d8832eccd0f4220477d1234da378') in 0.014399 seconds
  Import took 0.021177 seconds .

AssetImportWorkerClient::OnTransportError - code=2 error=End of file
